14:31:35 INFO  : Launching XSCT server: xsct.bat -n  -interactive C:\Users\dianhsu\Desktop\Using_IP_with_Zynq\mylab\relu_vitis\temp_xsdb_launch_script.tcl
14:31:35 INFO  : Registering command handlers for Vitis TCF services
14:31:37 INFO  : XSCT server has started successfully.
14:31:37 INFO  : Platform repository initialization has completed.
14:31:40 INFO  : Successfully done setting XSCT server connection channel  
14:31:40 INFO  : plnx-install-location is set to ''
14:31:40 INFO  : Successfully done query RDI_DATADIR 
14:31:40 INFO  : Successfully done setting workspace for the tool. 
14:32:22 INFO  : Result from executing command 'getProjects': zed_hw
14:32:22 INFO  : Result from executing command 'getPlatforms': 
14:33:32 INFO  : Result from executing command 'getProjects': zed_hw
14:33:32 INFO  : Result from executing command 'getPlatforms': zed_hw|C:/Users/dianhsu/Desktop/Using_IP_with_Zynq/mylab/relu_vitis/zed_hw/export/zed_hw/zed_hw.xpfm
14:51:29 INFO  : Checking for BSP changes to sync application flags for project 'test_relu'...
14:51:32 INFO  : Checking for BSP changes to sync application flags for project 'test_dram'...
14:51:59 INFO  : Checking for BSP changes to sync application flags for project 'test_relu'...
14:52:33 INFO  : Checking for BSP changes to sync application flags for project 'test_relu'...
15:00:50 INFO  : Checking for BSP changes to sync application flags for project 'test_relu'...
15:01:21 INFO  : Checking for BSP changes to sync application flags for project 'test_relu'...
15:01:46 INFO  : Checking for BSP changes to sync application flags for project 'test_relu'...
15:01:57 INFO  : Checking for BSP changes to sync application flags for project 'test_relu'...
15:03:07 INFO  : Connected to target on host '127.0.0.1' and port '3121'.
15:03:08 INFO  : 'targets -set -filter {jtag_cable_name =~ "Digilent Zed 210248774077" && level==0 && jtag_device_ctx=="jsn-Zed-210248774077-23727093-0"}' command is executed.
15:03:10 INFO  : Device configured successfully with "C:/Users/dianhsu/Desktop/Using_IP_with_Zynq/mylab/relu_vitis/test_dram/_ide/bitstream/relu_bd_wrapper.bit"
15:03:17 INFO  : Connected to target on host '127.0.0.1' and port '3121'.
15:03:17 INFO  : Jtag cable 'Digilent Zed 210248774077' is selected.
15:03:17 INFO  : 'jtag frequency' command is executed.
15:03:18 INFO  : Context for 'APU' is selected.
15:03:18 INFO  : System reset is completed.
15:03:21 INFO  : 'after 3000' command is executed.
15:03:21 INFO  : 'targets -set -filter {jtag_cable_name =~ "Digilent Zed 210248774077" && level==0 && jtag_device_ctx=="jsn-Zed-210248774077-23727093-0"}' command is executed.
15:03:23 INFO  : Device configured successfully with "C:/Users/dianhsu/Desktop/Using_IP_with_Zynq/mylab/relu_vitis/test_relu/_ide/bitstream/relu_bd_wrapper.bit"
15:03:23 INFO  : Context for 'APU' is selected.
15:03:23 INFO  : Hardware design and registers information is loaded from 'C:/Users/dianhsu/Desktop/Using_IP_with_Zynq/mylab/relu_vitis/zed_hw/export/zed_hw/hw/relu_bd_wrapper.xsa'.
15:03:23 INFO  : 'configparams force-mem-access 1' command is executed.
15:03:23 INFO  : Context for 'APU' is selected.
15:03:23 INFO  : Sourcing of 'C:/Users/dianhsu/Desktop/Using_IP_with_Zynq/mylab/relu_vitis/test_relu/_ide/psinit/ps7_init.tcl' is done.
15:03:24 INFO  : 'ps7_init' command is executed.
15:03:24 INFO  : 'ps7_post_config' command is executed.
15:03:24 INFO  : Context for processor 'ps7_cortexa9_0' is selected.
15:03:24 INFO  : The application 'C:/Users/dianhsu/Desktop/Using_IP_with_Zynq/mylab/relu_vitis/test_relu/Debug/test_relu.elf' is downloaded to processor 'ps7_cortexa9_0'.
15:03:24 INFO  : 'configparams force-mem-access 0' command is executed.
15:03:24 INFO  : ----------------XSDB Script----------------
connect -url tcp:127.0.0.1:3121
targets -set -nocase -filter {name =~"APU*"}
rst -system
after 3000
targets -set -filter {jtag_cable_name =~ "Digilent Zed 210248774077" && level==0 && jtag_device_ctx=="jsn-Zed-210248774077-23727093-0"}
fpga -file C:/Users/dianhsu/Desktop/Using_IP_with_Zynq/mylab/relu_vitis/test_relu/_ide/bitstream/relu_bd_wrapper.bit
targets -set -nocase -filter {name =~"APU*"}
loadhw -hw C:/Users/dianhsu/Desktop/Using_IP_with_Zynq/mylab/relu_vitis/zed_hw/export/zed_hw/hw/relu_bd_wrapper.xsa -mem-ranges [list {0x40000000 0xbfffffff}] -regs
configparams force-mem-access 1
targets -set -nocase -filter {name =~"APU*"}
source C:/Users/dianhsu/Desktop/Using_IP_with_Zynq/mylab/relu_vitis/test_relu/_ide/psinit/ps7_init.tcl
ps7_init
ps7_post_config
targets -set -nocase -filter {name =~ "*A9*#0"}
dow C:/Users/dianhsu/Desktop/Using_IP_with_Zynq/mylab/relu_vitis/test_relu/Debug/test_relu.elf
configparams force-mem-access 0
----------------End of Script----------------

15:03:24 INFO  : Context for processor 'ps7_cortexa9_0' is selected.
15:03:24 INFO  : 'con' command is executed.
15:03:24 INFO  : ----------------XSDB Script (After Launch)----------------
targets -set -nocase -filter {name =~ "*A9*#0"}
con
----------------End of Script----------------

15:03:24 INFO  : Launch script is exported to file 'C:\Users\dianhsu\Desktop\Using_IP_with_Zynq\mylab\relu_vitis\test_relu_system\_ide\scripts\systemdebugger_test_relu_system_standalone.tcl'
15:03:53 INFO  : Disconnected from the channel tcfchan#5.
15:03:54 INFO  : Connected to target on host '127.0.0.1' and port '3121'.
15:03:54 INFO  : Jtag cable 'Digilent Zed 210248774077' is selected.
15:03:54 INFO  : 'jtag frequency' command is executed.
15:03:54 INFO  : Context for 'APU' is selected.
15:03:54 INFO  : System reset is completed.
15:03:57 INFO  : 'after 3000' command is executed.
15:03:57 INFO  : 'targets -set -filter {jtag_cable_name =~ "Digilent Zed 210248774077" && level==0 && jtag_device_ctx=="jsn-Zed-210248774077-23727093-0"}' command is executed.
15:03:59 INFO  : Device configured successfully with "C:/Users/dianhsu/Desktop/Using_IP_with_Zynq/mylab/relu_vitis/test_relu/_ide/bitstream/relu_bd_wrapper.bit"
15:03:59 INFO  : Context for 'APU' is selected.
15:03:59 INFO  : Hardware design and registers information is loaded from 'C:/Users/dianhsu/Desktop/Using_IP_with_Zynq/mylab/relu_vitis/zed_hw/export/zed_hw/hw/relu_bd_wrapper.xsa'.
15:03:59 INFO  : 'configparams force-mem-access 1' command is executed.
15:04:00 INFO  : Context for 'APU' is selected.
15:04:00 INFO  : Sourcing of 'C:/Users/dianhsu/Desktop/Using_IP_with_Zynq/mylab/relu_vitis/test_relu/_ide/psinit/ps7_init.tcl' is done.
15:04:00 INFO  : 'ps7_init' command is executed.
15:04:00 INFO  : 'ps7_post_config' command is executed.
15:04:00 INFO  : Context for processor 'ps7_cortexa9_0' is selected.
15:04:00 INFO  : The application 'C:/Users/dianhsu/Desktop/Using_IP_with_Zynq/mylab/relu_vitis/test_relu/Debug/test_relu.elf' is downloaded to processor 'ps7_cortexa9_0'.
15:04:00 INFO  : 'configparams force-mem-access 0' command is executed.
15:04:00 INFO  : ----------------XSDB Script----------------
connect -url tcp:127.0.0.1:3121
targets -set -nocase -filter {name =~"APU*"}
rst -system
after 3000
targets -set -filter {jtag_cable_name =~ "Digilent Zed 210248774077" && level==0 && jtag_device_ctx=="jsn-Zed-210248774077-23727093-0"}
fpga -file C:/Users/dianhsu/Desktop/Using_IP_with_Zynq/mylab/relu_vitis/test_relu/_ide/bitstream/relu_bd_wrapper.bit
targets -set -nocase -filter {name =~"APU*"}
loadhw -hw C:/Users/dianhsu/Desktop/Using_IP_with_Zynq/mylab/relu_vitis/zed_hw/export/zed_hw/hw/relu_bd_wrapper.xsa -mem-ranges [list {0x40000000 0xbfffffff}] -regs
configparams force-mem-access 1
targets -set -nocase -filter {name =~"APU*"}
source C:/Users/dianhsu/Desktop/Using_IP_with_Zynq/mylab/relu_vitis/test_relu/_ide/psinit/ps7_init.tcl
ps7_init
ps7_post_config
targets -set -nocase -filter {name =~ "*A9*#0"}
dow C:/Users/dianhsu/Desktop/Using_IP_with_Zynq/mylab/relu_vitis/test_relu/Debug/test_relu.elf
configparams force-mem-access 0
----------------End of Script----------------

15:04:00 INFO  : Context for processor 'ps7_cortexa9_0' is selected.
15:04:00 INFO  : 'con' command is executed.
15:04:00 INFO  : ----------------XSDB Script (After Launch)----------------
targets -set -nocase -filter {name =~ "*A9*#0"}
con
----------------End of Script----------------

15:04:00 INFO  : Launch script is exported to file 'C:\Users\dianhsu\Desktop\Using_IP_with_Zynq\mylab\relu_vitis\test_relu_system\_ide\scripts\debugger_test_relu-default.tcl'
15:05:14 INFO  : Checking for BSP changes to sync application flags for project 'test_hello'...
15:05:23 INFO  : Disconnected from the channel tcfchan#6.
15:05:24 INFO  : Connected to target on host '127.0.0.1' and port '3121'.
15:05:24 INFO  : Jtag cable 'Digilent Zed 210248774077' is selected.
15:05:24 INFO  : 'jtag frequency' command is executed.
15:05:24 INFO  : Context for 'APU' is selected.
15:05:24 INFO  : System reset is completed.
15:05:27 INFO  : 'after 3000' command is executed.
15:05:27 INFO  : 'targets -set -filter {jtag_cable_name =~ "Digilent Zed 210248774077" && level==0 && jtag_device_ctx=="jsn-Zed-210248774077-23727093-0"}' command is executed.
15:05:30 INFO  : Device configured successfully with "C:/Users/dianhsu/Desktop/Using_IP_with_Zynq/mylab/relu_vitis/test_hello/_ide/bitstream/relu_bd_wrapper.bit"
15:05:30 INFO  : Context for 'APU' is selected.
15:05:30 INFO  : Hardware design and registers information is loaded from 'C:/Users/dianhsu/Desktop/Using_IP_with_Zynq/mylab/relu_vitis/zed_hw/export/zed_hw/hw/relu_bd_wrapper.xsa'.
15:05:30 INFO  : 'configparams force-mem-access 1' command is executed.
15:05:30 INFO  : Context for 'APU' is selected.
15:05:30 INFO  : Sourcing of 'C:/Users/dianhsu/Desktop/Using_IP_with_Zynq/mylab/relu_vitis/test_hello/_ide/psinit/ps7_init.tcl' is done.
15:05:30 INFO  : 'ps7_init' command is executed.
15:05:30 INFO  : 'ps7_post_config' command is executed.
15:05:30 INFO  : Context for processor 'ps7_cortexa9_0' is selected.
15:05:30 INFO  : The application 'C:/Users/dianhsu/Desktop/Using_IP_with_Zynq/mylab/relu_vitis/test_hello/Debug/test_hello.elf' is downloaded to processor 'ps7_cortexa9_0'.
15:05:30 INFO  : 'configparams force-mem-access 0' command is executed.
15:05:30 INFO  : ----------------XSDB Script----------------
connect -url tcp:127.0.0.1:3121
targets -set -nocase -filter {name =~"APU*"}
rst -system
after 3000
targets -set -filter {jtag_cable_name =~ "Digilent Zed 210248774077" && level==0 && jtag_device_ctx=="jsn-Zed-210248774077-23727093-0"}
fpga -file C:/Users/dianhsu/Desktop/Using_IP_with_Zynq/mylab/relu_vitis/test_hello/_ide/bitstream/relu_bd_wrapper.bit
targets -set -nocase -filter {name =~"APU*"}
loadhw -hw C:/Users/dianhsu/Desktop/Using_IP_with_Zynq/mylab/relu_vitis/zed_hw/export/zed_hw/hw/relu_bd_wrapper.xsa -mem-ranges [list {0x40000000 0xbfffffff}] -regs
configparams force-mem-access 1
targets -set -nocase -filter {name =~"APU*"}
source C:/Users/dianhsu/Desktop/Using_IP_with_Zynq/mylab/relu_vitis/test_hello/_ide/psinit/ps7_init.tcl
ps7_init
ps7_post_config
targets -set -nocase -filter {name =~ "*A9*#0"}
dow C:/Users/dianhsu/Desktop/Using_IP_with_Zynq/mylab/relu_vitis/test_hello/Debug/test_hello.elf
configparams force-mem-access 0
----------------End of Script----------------

15:05:30 INFO  : Context for processor 'ps7_cortexa9_0' is selected.
15:05:30 INFO  : 'con' command is executed.
15:05:30 INFO  : ----------------XSDB Script (After Launch)----------------
targets -set -nocase -filter {name =~ "*A9*#0"}
con
----------------End of Script----------------

15:05:30 INFO  : Launch script is exported to file 'C:\Users\dianhsu\Desktop\Using_IP_with_Zynq\mylab\relu_vitis\test_hello_system\_ide\scripts\debugger_test_hello-default.tcl'
15:05:49 INFO  : Disconnected from the channel tcfchan#8.
15:05:50 INFO  : Connected to target on host '127.0.0.1' and port '3121'.
15:05:50 INFO  : Jtag cable 'Digilent Zed 210248774077' is selected.
15:05:50 INFO  : 'jtag frequency' command is executed.
15:05:50 INFO  : Context for 'APU' is selected.
15:05:50 INFO  : System reset is completed.
15:05:53 INFO  : 'after 3000' command is executed.
15:05:53 INFO  : 'targets -set -filter {jtag_cable_name =~ "Digilent Zed 210248774077" && level==0 && jtag_device_ctx=="jsn-Zed-210248774077-23727093-0"}' command is executed.
15:05:55 INFO  : Device configured successfully with "C:/Users/dianhsu/Desktop/Using_IP_with_Zynq/mylab/relu_vitis/test_relu/_ide/bitstream/relu_bd_wrapper.bit"
15:05:55 INFO  : Context for 'APU' is selected.
15:05:55 INFO  : Hardware design and registers information is loaded from 'C:/Users/dianhsu/Desktop/Using_IP_with_Zynq/mylab/relu_vitis/zed_hw/export/zed_hw/hw/relu_bd_wrapper.xsa'.
15:05:55 INFO  : 'configparams force-mem-access 1' command is executed.
15:05:55 INFO  : Context for 'APU' is selected.
15:05:55 INFO  : Sourcing of 'C:/Users/dianhsu/Desktop/Using_IP_with_Zynq/mylab/relu_vitis/test_relu/_ide/psinit/ps7_init.tcl' is done.
15:05:56 INFO  : 'ps7_init' command is executed.
15:05:56 INFO  : 'ps7_post_config' command is executed.
15:05:56 INFO  : Context for processor 'ps7_cortexa9_0' is selected.
15:05:56 INFO  : The application 'C:/Users/dianhsu/Desktop/Using_IP_with_Zynq/mylab/relu_vitis/test_relu/Debug/test_relu.elf' is downloaded to processor 'ps7_cortexa9_0'.
15:05:56 INFO  : 'configparams force-mem-access 0' command is executed.
15:05:56 INFO  : ----------------XSDB Script----------------
connect -url tcp:127.0.0.1:3121
targets -set -nocase -filter {name =~"APU*"}
rst -system
after 3000
targets -set -filter {jtag_cable_name =~ "Digilent Zed 210248774077" && level==0 && jtag_device_ctx=="jsn-Zed-210248774077-23727093-0"}
fpga -file C:/Users/dianhsu/Desktop/Using_IP_with_Zynq/mylab/relu_vitis/test_relu/_ide/bitstream/relu_bd_wrapper.bit
targets -set -nocase -filter {name =~"APU*"}
loadhw -hw C:/Users/dianhsu/Desktop/Using_IP_with_Zynq/mylab/relu_vitis/zed_hw/export/zed_hw/hw/relu_bd_wrapper.xsa -mem-ranges [list {0x40000000 0xbfffffff}] -regs
configparams force-mem-access 1
targets -set -nocase -filter {name =~"APU*"}
source C:/Users/dianhsu/Desktop/Using_IP_with_Zynq/mylab/relu_vitis/test_relu/_ide/psinit/ps7_init.tcl
ps7_init
ps7_post_config
targets -set -nocase -filter {name =~ "*A9*#0"}
dow C:/Users/dianhsu/Desktop/Using_IP_with_Zynq/mylab/relu_vitis/test_relu/Debug/test_relu.elf
configparams force-mem-access 0
----------------End of Script----------------

15:05:56 INFO  : Context for processor 'ps7_cortexa9_0' is selected.
15:05:56 INFO  : 'con' command is executed.
15:05:56 INFO  : ----------------XSDB Script (After Launch)----------------
targets -set -nocase -filter {name =~ "*A9*#0"}
con
----------------End of Script----------------

15:05:56 INFO  : Launch script is exported to file 'C:\Users\dianhsu\Desktop\Using_IP_with_Zynq\mylab\relu_vitis\test_relu_system\_ide\scripts\debugger_test_relu-default.tcl'
15:06:37 INFO  : Result from executing command 'getProjects': zed_hw
15:06:37 INFO  : Result from executing command 'getPlatforms': zed_hw|C:/Users/dianhsu/Desktop/Using_IP_with_Zynq/mylab/relu_vitis/zed_hw/export/zed_hw/zed_hw.xpfm
15:06:38 INFO  : Checking for BSP changes to sync application flags for project 'test_relu'...
15:06:48 INFO  : Disconnected from the channel tcfchan#9.
15:06:49 INFO  : Connected to target on host '127.0.0.1' and port '3121'.
15:06:49 INFO  : Jtag cable 'Digilent Zed 210248774077' is selected.
15:06:49 INFO  : 'jtag frequency' command is executed.
15:06:49 INFO  : Context for 'APU' is selected.
15:06:49 INFO  : System reset is completed.
15:06:52 INFO  : 'after 3000' command is executed.
15:06:52 INFO  : 'targets -set -filter {jtag_cable_name =~ "Digilent Zed 210248774077" && level==0 && jtag_device_ctx=="jsn-Zed-210248774077-23727093-0"}' command is executed.
15:06:54 INFO  : Device configured successfully with "C:/Users/dianhsu/Desktop/Using_IP_with_Zynq/mylab/relu_vitis/test_relu/_ide/bitstream/relu_bd_wrapper.bit"
15:06:54 INFO  : Context for 'APU' is selected.
15:06:54 INFO  : Hardware design and registers information is loaded from 'C:/Users/dianhsu/Desktop/Using_IP_with_Zynq/mylab/relu_vitis/zed_hw/export/zed_hw/hw/relu_bd_wrapper.xsa'.
15:06:54 INFO  : 'configparams force-mem-access 1' command is executed.
15:06:54 INFO  : Context for 'APU' is selected.
15:06:54 INFO  : Sourcing of 'C:/Users/dianhsu/Desktop/Using_IP_with_Zynq/mylab/relu_vitis/test_relu/_ide/psinit/ps7_init.tcl' is done.
15:06:55 INFO  : 'ps7_init' command is executed.
15:06:55 INFO  : 'ps7_post_config' command is executed.
15:06:55 INFO  : Context for processor 'ps7_cortexa9_0' is selected.
15:06:55 INFO  : The application 'C:/Users/dianhsu/Desktop/Using_IP_with_Zynq/mylab/relu_vitis/test_relu/Debug/test_relu.elf' is downloaded to processor 'ps7_cortexa9_0'.
15:06:55 INFO  : 'configparams force-mem-access 0' command is executed.
15:06:55 INFO  : ----------------XSDB Script----------------
connect -url tcp:127.0.0.1:3121
targets -set -nocase -filter {name =~"APU*"}
rst -system
after 3000
targets -set -filter {jtag_cable_name =~ "Digilent Zed 210248774077" && level==0 && jtag_device_ctx=="jsn-Zed-210248774077-23727093-0"}
fpga -file C:/Users/dianhsu/Desktop/Using_IP_with_Zynq/mylab/relu_vitis/test_relu/_ide/bitstream/relu_bd_wrapper.bit
targets -set -nocase -filter {name =~"APU*"}
loadhw -hw C:/Users/dianhsu/Desktop/Using_IP_with_Zynq/mylab/relu_vitis/zed_hw/export/zed_hw/hw/relu_bd_wrapper.xsa -mem-ranges [list {0x40000000 0xbfffffff}] -regs
configparams force-mem-access 1
targets -set -nocase -filter {name =~"APU*"}
source C:/Users/dianhsu/Desktop/Using_IP_with_Zynq/mylab/relu_vitis/test_relu/_ide/psinit/ps7_init.tcl
ps7_init
ps7_post_config
targets -set -nocase -filter {name =~ "*A9*#0"}
dow C:/Users/dianhsu/Desktop/Using_IP_with_Zynq/mylab/relu_vitis/test_relu/Debug/test_relu.elf
configparams force-mem-access 0
----------------End of Script----------------

15:06:55 INFO  : Context for processor 'ps7_cortexa9_0' is selected.
15:06:55 INFO  : 'con' command is executed.
15:06:55 INFO  : ----------------XSDB Script (After Launch)----------------
targets -set -nocase -filter {name =~ "*A9*#0"}
con
----------------End of Script----------------

15:06:55 INFO  : Launch script is exported to file 'C:\Users\dianhsu\Desktop\Using_IP_with_Zynq\mylab\relu_vitis\test_relu_system\_ide\scripts\debugger_test_relu-default.tcl'
15:07:24 INFO  : Checking for BSP changes to sync application flags for project 'test_relu'...
15:07:31 INFO  : Disconnected from the channel tcfchan#14.
15:07:32 INFO  : Connected to target on host '127.0.0.1' and port '3121'.
15:07:32 INFO  : Jtag cable 'Digilent Zed 210248774077' is selected.
15:07:32 INFO  : 'jtag frequency' command is executed.
15:07:32 INFO  : Context for 'APU' is selected.
15:07:32 INFO  : System reset is completed.
15:07:35 INFO  : 'after 3000' command is executed.
15:07:35 INFO  : 'targets -set -filter {jtag_cable_name =~ "Digilent Zed 210248774077" && level==0 && jtag_device_ctx=="jsn-Zed-210248774077-23727093-0"}' command is executed.
15:07:38 INFO  : Device configured successfully with "C:/Users/dianhsu/Desktop/Using_IP_with_Zynq/mylab/relu_vitis/test_relu/_ide/bitstream/relu_bd_wrapper.bit"
15:07:38 INFO  : Context for 'APU' is selected.
15:07:38 INFO  : Hardware design and registers information is loaded from 'C:/Users/dianhsu/Desktop/Using_IP_with_Zynq/mylab/relu_vitis/zed_hw/export/zed_hw/hw/relu_bd_wrapper.xsa'.
15:07:38 INFO  : 'configparams force-mem-access 1' command is executed.
15:07:38 INFO  : Context for 'APU' is selected.
15:07:38 INFO  : Sourcing of 'C:/Users/dianhsu/Desktop/Using_IP_with_Zynq/mylab/relu_vitis/test_relu/_ide/psinit/ps7_init.tcl' is done.
15:07:38 INFO  : 'ps7_init' command is executed.
15:07:38 INFO  : 'ps7_post_config' command is executed.
15:07:38 INFO  : Context for processor 'ps7_cortexa9_0' is selected.
15:07:38 INFO  : The application 'C:/Users/dianhsu/Desktop/Using_IP_with_Zynq/mylab/relu_vitis/test_relu/Debug/test_relu.elf' is downloaded to processor 'ps7_cortexa9_0'.
15:07:38 INFO  : 'configparams force-mem-access 0' command is executed.
15:07:38 INFO  : ----------------XSDB Script----------------
connect -url tcp:127.0.0.1:3121
targets -set -nocase -filter {name =~"APU*"}
rst -system
after 3000
targets -set -filter {jtag_cable_name =~ "Digilent Zed 210248774077" && level==0 && jtag_device_ctx=="jsn-Zed-210248774077-23727093-0"}
fpga -file C:/Users/dianhsu/Desktop/Using_IP_with_Zynq/mylab/relu_vitis/test_relu/_ide/bitstream/relu_bd_wrapper.bit
targets -set -nocase -filter {name =~"APU*"}
loadhw -hw C:/Users/dianhsu/Desktop/Using_IP_with_Zynq/mylab/relu_vitis/zed_hw/export/zed_hw/hw/relu_bd_wrapper.xsa -mem-ranges [list {0x40000000 0xbfffffff}] -regs
configparams force-mem-access 1
targets -set -nocase -filter {name =~"APU*"}
source C:/Users/dianhsu/Desktop/Using_IP_with_Zynq/mylab/relu_vitis/test_relu/_ide/psinit/ps7_init.tcl
ps7_init
ps7_post_config
targets -set -nocase -filter {name =~ "*A9*#0"}
dow C:/Users/dianhsu/Desktop/Using_IP_with_Zynq/mylab/relu_vitis/test_relu/Debug/test_relu.elf
configparams force-mem-access 0
----------------End of Script----------------

15:07:38 INFO  : Context for processor 'ps7_cortexa9_0' is selected.
15:07:39 INFO  : 'con' command is executed.
15:07:39 INFO  : ----------------XSDB Script (After Launch)----------------
targets -set -nocase -filter {name =~ "*A9*#0"}
con
----------------End of Script----------------

15:07:39 INFO  : Launch script is exported to file 'C:\Users\dianhsu\Desktop\Using_IP_with_Zynq\mylab\relu_vitis\test_relu_system\_ide\scripts\debugger_test_relu-default.tcl'
15:08:23 INFO  : Checking for BSP changes to sync application flags for project 'test_relu'...
15:08:36 INFO  : Checking for BSP changes to sync application flags for project 'test_relu'...
15:08:56 INFO  : Checking for BSP changes to sync application flags for project 'test_relu'...
15:09:03 INFO  : Disconnected from the channel tcfchan#15.
15:09:04 INFO  : Connected to target on host '127.0.0.1' and port '3121'.
15:09:04 INFO  : Jtag cable 'Digilent Zed 210248774077' is selected.
15:09:04 INFO  : 'jtag frequency' command is executed.
15:09:04 INFO  : Context for 'APU' is selected.
15:09:04 INFO  : System reset is completed.
15:09:07 INFO  : 'after 3000' command is executed.
15:09:07 INFO  : 'targets -set -filter {jtag_cable_name =~ "Digilent Zed 210248774077" && level==0 && jtag_device_ctx=="jsn-Zed-210248774077-23727093-0"}' command is executed.
15:09:09 INFO  : Device configured successfully with "C:/Users/dianhsu/Desktop/Using_IP_with_Zynq/mylab/relu_vitis/test_relu/_ide/bitstream/relu_bd_wrapper.bit"
15:09:09 INFO  : Context for 'APU' is selected.
15:09:09 INFO  : Hardware design and registers information is loaded from 'C:/Users/dianhsu/Desktop/Using_IP_with_Zynq/mylab/relu_vitis/zed_hw/export/zed_hw/hw/relu_bd_wrapper.xsa'.
15:09:09 INFO  : 'configparams force-mem-access 1' command is executed.
15:09:09 INFO  : Context for 'APU' is selected.
15:09:09 INFO  : Sourcing of 'C:/Users/dianhsu/Desktop/Using_IP_with_Zynq/mylab/relu_vitis/test_relu/_ide/psinit/ps7_init.tcl' is done.
15:09:10 INFO  : 'ps7_init' command is executed.
15:09:10 INFO  : 'ps7_post_config' command is executed.
15:09:10 INFO  : Context for processor 'ps7_cortexa9_0' is selected.
15:09:10 INFO  : The application 'C:/Users/dianhsu/Desktop/Using_IP_with_Zynq/mylab/relu_vitis/test_relu/Debug/test_relu.elf' is downloaded to processor 'ps7_cortexa9_0'.
15:09:10 INFO  : 'configparams force-mem-access 0' command is executed.
15:09:10 INFO  : ----------------XSDB Script----------------
connect -url tcp:127.0.0.1:3121
targets -set -nocase -filter {name =~"APU*"}
rst -system
after 3000
targets -set -filter {jtag_cable_name =~ "Digilent Zed 210248774077" && level==0 && jtag_device_ctx=="jsn-Zed-210248774077-23727093-0"}
fpga -file C:/Users/dianhsu/Desktop/Using_IP_with_Zynq/mylab/relu_vitis/test_relu/_ide/bitstream/relu_bd_wrapper.bit
targets -set -nocase -filter {name =~"APU*"}
loadhw -hw C:/Users/dianhsu/Desktop/Using_IP_with_Zynq/mylab/relu_vitis/zed_hw/export/zed_hw/hw/relu_bd_wrapper.xsa -mem-ranges [list {0x40000000 0xbfffffff}] -regs
configparams force-mem-access 1
targets -set -nocase -filter {name =~"APU*"}
source C:/Users/dianhsu/Desktop/Using_IP_with_Zynq/mylab/relu_vitis/test_relu/_ide/psinit/ps7_init.tcl
ps7_init
ps7_post_config
targets -set -nocase -filter {name =~ "*A9*#0"}
dow C:/Users/dianhsu/Desktop/Using_IP_with_Zynq/mylab/relu_vitis/test_relu/Debug/test_relu.elf
configparams force-mem-access 0
----------------End of Script----------------

15:09:10 INFO  : Context for processor 'ps7_cortexa9_0' is selected.
15:09:10 INFO  : 'con' command is executed.
15:09:10 INFO  : ----------------XSDB Script (After Launch)----------------
targets -set -nocase -filter {name =~ "*A9*#0"}
con
----------------End of Script----------------

15:09:10 INFO  : Launch script is exported to file 'C:\Users\dianhsu\Desktop\Using_IP_with_Zynq\mylab\relu_vitis\test_relu_system\_ide\scripts\debugger_test_relu-default.tcl'
15:10:05 INFO  : Disconnected from the channel tcfchan#17.
15:10:06 INFO  : Connected to target on host '127.0.0.1' and port '3121'.
15:10:06 INFO  : Jtag cable 'Digilent Zed 210248774077' is selected.
15:10:06 INFO  : 'jtag frequency' command is executed.
15:10:07 INFO  : Context for 'APU' is selected.
15:10:07 INFO  : System reset is completed.
15:10:10 INFO  : 'after 3000' command is executed.
15:10:10 INFO  : 'targets -set -filter {jtag_cable_name =~ "Digilent Zed 210248774077" && level==0 && jtag_device_ctx=="jsn-Zed-210248774077-23727093-0"}' command is executed.
15:10:12 INFO  : Device configured successfully with "C:/Users/dianhsu/Desktop/Using_IP_with_Zynq/mylab/relu_vitis/test_relu/_ide/bitstream/relu_bd_wrapper.bit"
15:10:12 INFO  : Context for 'APU' is selected.
15:10:12 INFO  : Hardware design and registers information is loaded from 'C:/Users/dianhsu/Desktop/Using_IP_with_Zynq/mylab/relu_vitis/zed_hw/export/zed_hw/hw/relu_bd_wrapper.xsa'.
15:10:12 INFO  : 'configparams force-mem-access 1' command is executed.
15:10:12 INFO  : Context for 'APU' is selected.
15:10:12 INFO  : Sourcing of 'C:/Users/dianhsu/Desktop/Using_IP_with_Zynq/mylab/relu_vitis/test_relu/_ide/psinit/ps7_init.tcl' is done.
15:10:12 INFO  : 'ps7_init' command is executed.
15:10:12 INFO  : 'ps7_post_config' command is executed.
15:10:12 INFO  : Context for processor 'ps7_cortexa9_0' is selected.
15:10:13 INFO  : The application 'C:/Users/dianhsu/Desktop/Using_IP_with_Zynq/mylab/relu_vitis/test_relu/Debug/test_relu.elf' is downloaded to processor 'ps7_cortexa9_0'.
15:10:13 INFO  : 'configparams force-mem-access 0' command is executed.
15:10:13 INFO  : ----------------XSDB Script----------------
connect -url tcp:127.0.0.1:3121
targets -set -nocase -filter {name =~"APU*"}
rst -system
after 3000
targets -set -filter {jtag_cable_name =~ "Digilent Zed 210248774077" && level==0 && jtag_device_ctx=="jsn-Zed-210248774077-23727093-0"}
fpga -file C:/Users/dianhsu/Desktop/Using_IP_with_Zynq/mylab/relu_vitis/test_relu/_ide/bitstream/relu_bd_wrapper.bit
targets -set -nocase -filter {name =~"APU*"}
loadhw -hw C:/Users/dianhsu/Desktop/Using_IP_with_Zynq/mylab/relu_vitis/zed_hw/export/zed_hw/hw/relu_bd_wrapper.xsa -mem-ranges [list {0x40000000 0xbfffffff}] -regs
configparams force-mem-access 1
targets -set -nocase -filter {name =~"APU*"}
source C:/Users/dianhsu/Desktop/Using_IP_with_Zynq/mylab/relu_vitis/test_relu/_ide/psinit/ps7_init.tcl
ps7_init
ps7_post_config
targets -set -nocase -filter {name =~ "*A9*#0"}
dow C:/Users/dianhsu/Desktop/Using_IP_with_Zynq/mylab/relu_vitis/test_relu/Debug/test_relu.elf
configparams force-mem-access 0
----------------End of Script----------------

15:10:13 INFO  : Context for processor 'ps7_cortexa9_0' is selected.
15:10:13 INFO  : 'con' command is executed.
15:10:13 INFO  : ----------------XSDB Script (After Launch)----------------
targets -set -nocase -filter {name =~ "*A9*#0"}
con
----------------End of Script----------------

15:10:13 INFO  : Launch script is exported to file 'C:\Users\dianhsu\Desktop\Using_IP_with_Zynq\mylab\relu_vitis\test_relu_system\_ide\scripts\debugger_test_relu-default.tcl'
15:10:55 INFO  : Result from executing command 'getProjects': zed_hw
15:10:55 INFO  : Result from executing command 'getPlatforms': zed_hw|C:/Users/dianhsu/Desktop/Using_IP_with_Zynq/mylab/relu_vitis/zed_hw/export/zed_hw/zed_hw.xpfm
15:10:55 INFO  : Checking for BSP changes to sync application flags for project 'test_relu'...
15:11:05 INFO  : Disconnected from the channel tcfchan#18.
15:11:06 INFO  : Connected to target on host '127.0.0.1' and port '3121'.
15:11:06 INFO  : Jtag cable 'Digilent Zed 210248774077' is selected.
15:11:06 INFO  : 'jtag frequency' command is executed.
15:11:06 INFO  : Context for 'APU' is selected.
15:11:06 INFO  : System reset is completed.
15:11:09 INFO  : 'after 3000' command is executed.
15:11:09 INFO  : 'targets -set -filter {jtag_cable_name =~ "Digilent Zed 210248774077" && level==0 && jtag_device_ctx=="jsn-Zed-210248774077-23727093-0"}' command is executed.
15:11:12 INFO  : Device configured successfully with "C:/Users/dianhsu/Desktop/Using_IP_with_Zynq/mylab/relu_vitis/test_relu/_ide/bitstream/relu_bd_wrapper.bit"
15:11:12 INFO  : Context for 'APU' is selected.
15:11:12 INFO  : Hardware design and registers information is loaded from 'C:/Users/dianhsu/Desktop/Using_IP_with_Zynq/mylab/relu_vitis/zed_hw/export/zed_hw/hw/relu_bd_wrapper.xsa'.
15:11:12 INFO  : 'configparams force-mem-access 1' command is executed.
15:11:12 INFO  : Context for 'APU' is selected.
15:11:12 INFO  : Sourcing of 'C:/Users/dianhsu/Desktop/Using_IP_with_Zynq/mylab/relu_vitis/test_relu/_ide/psinit/ps7_init.tcl' is done.
15:11:12 INFO  : 'ps7_init' command is executed.
15:11:12 INFO  : 'ps7_post_config' command is executed.
15:11:12 INFO  : Context for processor 'ps7_cortexa9_0' is selected.
15:11:12 INFO  : The application 'C:/Users/dianhsu/Desktop/Using_IP_with_Zynq/mylab/relu_vitis/test_relu/Debug/test_relu.elf' is downloaded to processor 'ps7_cortexa9_0'.
15:11:12 INFO  : 'configparams force-mem-access 0' command is executed.
15:11:12 INFO  : ----------------XSDB Script----------------
connect -url tcp:127.0.0.1:3121
targets -set -nocase -filter {name =~"APU*"}
rst -system
after 3000
targets -set -filter {jtag_cable_name =~ "Digilent Zed 210248774077" && level==0 && jtag_device_ctx=="jsn-Zed-210248774077-23727093-0"}
fpga -file C:/Users/dianhsu/Desktop/Using_IP_with_Zynq/mylab/relu_vitis/test_relu/_ide/bitstream/relu_bd_wrapper.bit
targets -set -nocase -filter {name =~"APU*"}
loadhw -hw C:/Users/dianhsu/Desktop/Using_IP_with_Zynq/mylab/relu_vitis/zed_hw/export/zed_hw/hw/relu_bd_wrapper.xsa -mem-ranges [list {0x40000000 0xbfffffff}] -regs
configparams force-mem-access 1
targets -set -nocase -filter {name =~"APU*"}
source C:/Users/dianhsu/Desktop/Using_IP_with_Zynq/mylab/relu_vitis/test_relu/_ide/psinit/ps7_init.tcl
ps7_init
ps7_post_config
targets -set -nocase -filter {name =~ "*A9*#0"}
dow C:/Users/dianhsu/Desktop/Using_IP_with_Zynq/mylab/relu_vitis/test_relu/Debug/test_relu.elf
configparams force-mem-access 0
----------------End of Script----------------

15:11:12 INFO  : Context for processor 'ps7_cortexa9_0' is selected.
15:11:12 INFO  : 'con' command is executed.
15:11:12 INFO  : ----------------XSDB Script (After Launch)----------------
targets -set -nocase -filter {name =~ "*A9*#0"}
con
----------------End of Script----------------

15:11:12 INFO  : Launch script is exported to file 'C:\Users\dianhsu\Desktop\Using_IP_with_Zynq\mylab\relu_vitis\test_relu_system\_ide\scripts\debugger_test_relu-default.tcl'
15:14:33 INFO  : Checking for BSP changes to sync application flags for project 'test_relu'...
15:15:03 INFO  : Disconnected from the channel tcfchan#22.
15:15:04 INFO  : Connected to target on host '127.0.0.1' and port '3121'.
15:15:05 INFO  : Jtag cable 'Digilent Zed 210248774077' is selected.
15:15:05 INFO  : 'jtag frequency' command is executed.
15:15:05 INFO  : Context for 'APU' is selected.
15:15:05 INFO  : System reset is completed.
15:15:08 INFO  : 'after 3000' command is executed.
15:15:08 INFO  : 'targets -set -filter {jtag_cable_name =~ "Digilent Zed 210248774077" && level==0 && jtag_device_ctx=="jsn-Zed-210248774077-23727093-0"}' command is executed.
15:15:10 INFO  : Device configured successfully with "C:/Users/dianhsu/Desktop/Using_IP_with_Zynq/mylab/relu_vitis/test_relu/_ide/bitstream/relu_bd_wrapper.bit"
15:15:10 INFO  : Context for 'APU' is selected.
15:15:10 INFO  : Hardware design and registers information is loaded from 'C:/Users/dianhsu/Desktop/Using_IP_with_Zynq/mylab/relu_vitis/zed_hw/export/zed_hw/hw/relu_bd_wrapper.xsa'.
15:15:10 INFO  : 'configparams force-mem-access 1' command is executed.
15:15:10 INFO  : Context for 'APU' is selected.
15:15:10 INFO  : Sourcing of 'C:/Users/dianhsu/Desktop/Using_IP_with_Zynq/mylab/relu_vitis/test_relu/_ide/psinit/ps7_init.tcl' is done.
15:15:10 INFO  : 'ps7_init' command is executed.
15:15:10 INFO  : 'ps7_post_config' command is executed.
15:15:10 INFO  : Context for processor 'ps7_cortexa9_0' is selected.
15:15:11 INFO  : The application 'C:/Users/dianhsu/Desktop/Using_IP_with_Zynq/mylab/relu_vitis/test_relu/Debug/test_relu.elf' is downloaded to processor 'ps7_cortexa9_0'.
15:15:11 INFO  : 'configparams force-mem-access 0' command is executed.
15:15:11 INFO  : ----------------XSDB Script----------------
connect -url tcp:127.0.0.1:3121
targets -set -nocase -filter {name =~"APU*"}
rst -system
after 3000
targets -set -filter {jtag_cable_name =~ "Digilent Zed 210248774077" && level==0 && jtag_device_ctx=="jsn-Zed-210248774077-23727093-0"}
fpga -file C:/Users/dianhsu/Desktop/Using_IP_with_Zynq/mylab/relu_vitis/test_relu/_ide/bitstream/relu_bd_wrapper.bit
targets -set -nocase -filter {name =~"APU*"}
loadhw -hw C:/Users/dianhsu/Desktop/Using_IP_with_Zynq/mylab/relu_vitis/zed_hw/export/zed_hw/hw/relu_bd_wrapper.xsa -mem-ranges [list {0x40000000 0xbfffffff}] -regs
configparams force-mem-access 1
targets -set -nocase -filter {name =~"APU*"}
source C:/Users/dianhsu/Desktop/Using_IP_with_Zynq/mylab/relu_vitis/test_relu/_ide/psinit/ps7_init.tcl
ps7_init
ps7_post_config
targets -set -nocase -filter {name =~ "*A9*#0"}
dow C:/Users/dianhsu/Desktop/Using_IP_with_Zynq/mylab/relu_vitis/test_relu/Debug/test_relu.elf
configparams force-mem-access 0
----------------End of Script----------------

15:15:11 INFO  : Context for processor 'ps7_cortexa9_0' is selected.
15:15:11 INFO  : 'con' command is executed.
15:15:11 INFO  : ----------------XSDB Script (After Launch)----------------
targets -set -nocase -filter {name =~ "*A9*#0"}
con
----------------End of Script----------------

15:15:11 INFO  : Launch script is exported to file 'C:\Users\dianhsu\Desktop\Using_IP_with_Zynq\mylab\relu_vitis\test_relu_system\_ide\scripts\debugger_test_relu-default.tcl'
15:17:01 INFO  : Checking for BSP changes to sync application flags for project 'test_relu'...
15:17:14 INFO  : Checking for BSP changes to sync application flags for project 'test_relu'...
15:17:21 INFO  : Disconnected from the channel tcfchan#23.
15:17:22 INFO  : Connected to target on host '127.0.0.1' and port '3121'.
15:17:22 INFO  : Jtag cable 'Digilent Zed 210248774077' is selected.
15:17:22 INFO  : 'jtag frequency' command is executed.
15:17:22 INFO  : Context for 'APU' is selected.
15:17:22 INFO  : System reset is completed.
15:17:25 INFO  : 'after 3000' command is executed.
15:17:25 INFO  : 'targets -set -filter {jtag_cable_name =~ "Digilent Zed 210248774077" && level==0 && jtag_device_ctx=="jsn-Zed-210248774077-23727093-0"}' command is executed.
15:17:28 INFO  : Device configured successfully with "C:/Users/dianhsu/Desktop/Using_IP_with_Zynq/mylab/relu_vitis/test_relu/_ide/bitstream/relu_bd_wrapper.bit"
15:17:28 INFO  : Context for 'APU' is selected.
15:17:28 INFO  : Hardware design and registers information is loaded from 'C:/Users/dianhsu/Desktop/Using_IP_with_Zynq/mylab/relu_vitis/zed_hw/export/zed_hw/hw/relu_bd_wrapper.xsa'.
15:17:28 INFO  : 'configparams force-mem-access 1' command is executed.
15:17:28 INFO  : Context for 'APU' is selected.
15:17:28 INFO  : Sourcing of 'C:/Users/dianhsu/Desktop/Using_IP_with_Zynq/mylab/relu_vitis/test_relu/_ide/psinit/ps7_init.tcl' is done.
15:17:28 INFO  : 'ps7_init' command is executed.
15:17:28 INFO  : 'ps7_post_config' command is executed.
15:17:28 INFO  : Context for processor 'ps7_cortexa9_0' is selected.
15:17:28 INFO  : The application 'C:/Users/dianhsu/Desktop/Using_IP_with_Zynq/mylab/relu_vitis/test_relu/Debug/test_relu.elf' is downloaded to processor 'ps7_cortexa9_0'.
15:17:28 INFO  : 'configparams force-mem-access 0' command is executed.
15:17:28 INFO  : ----------------XSDB Script----------------
connect -url tcp:127.0.0.1:3121
targets -set -nocase -filter {name =~"APU*"}
rst -system
after 3000
targets -set -filter {jtag_cable_name =~ "Digilent Zed 210248774077" && level==0 && jtag_device_ctx=="jsn-Zed-210248774077-23727093-0"}
fpga -file C:/Users/dianhsu/Desktop/Using_IP_with_Zynq/mylab/relu_vitis/test_relu/_ide/bitstream/relu_bd_wrapper.bit
targets -set -nocase -filter {name =~"APU*"}
loadhw -hw C:/Users/dianhsu/Desktop/Using_IP_with_Zynq/mylab/relu_vitis/zed_hw/export/zed_hw/hw/relu_bd_wrapper.xsa -mem-ranges [list {0x40000000 0xbfffffff}] -regs
configparams force-mem-access 1
targets -set -nocase -filter {name =~"APU*"}
source C:/Users/dianhsu/Desktop/Using_IP_with_Zynq/mylab/relu_vitis/test_relu/_ide/psinit/ps7_init.tcl
ps7_init
ps7_post_config
targets -set -nocase -filter {name =~ "*A9*#0"}
dow C:/Users/dianhsu/Desktop/Using_IP_with_Zynq/mylab/relu_vitis/test_relu/Debug/test_relu.elf
configparams force-mem-access 0
----------------End of Script----------------

15:17:28 INFO  : Context for processor 'ps7_cortexa9_0' is selected.
15:17:28 INFO  : 'con' command is executed.
15:17:28 INFO  : ----------------XSDB Script (After Launch)----------------
targets -set -nocase -filter {name =~ "*A9*#0"}
con
----------------End of Script----------------

15:17:28 INFO  : Launch script is exported to file 'C:\Users\dianhsu\Desktop\Using_IP_with_Zynq\mylab\relu_vitis\test_relu_system\_ide\scripts\debugger_test_relu-default.tcl'
15:17:55 INFO  : Checking for BSP changes to sync application flags for project 'test_relu'...
15:18:02 INFO  : Checking for BSP changes to sync application flags for project 'test_relu'...
15:18:14 INFO  : Disconnected from the channel tcfchan#24.
15:18:15 INFO  : Connected to target on host '127.0.0.1' and port '3121'.
15:18:15 INFO  : Jtag cable 'Digilent Zed 210248774077' is selected.
15:18:15 INFO  : 'jtag frequency' command is executed.
15:18:15 INFO  : Context for 'APU' is selected.
15:18:15 INFO  : System reset is completed.
15:18:18 INFO  : 'after 3000' command is executed.
15:18:18 INFO  : 'targets -set -filter {jtag_cable_name =~ "Digilent Zed 210248774077" && level==0 && jtag_device_ctx=="jsn-Zed-210248774077-23727093-0"}' command is executed.
15:18:21 INFO  : Device configured successfully with "C:/Users/dianhsu/Desktop/Using_IP_with_Zynq/mylab/relu_vitis/test_relu/_ide/bitstream/relu_bd_wrapper.bit"
15:18:21 INFO  : Context for 'APU' is selected.
15:18:21 INFO  : Hardware design and registers information is loaded from 'C:/Users/dianhsu/Desktop/Using_IP_with_Zynq/mylab/relu_vitis/zed_hw/export/zed_hw/hw/relu_bd_wrapper.xsa'.
15:18:21 INFO  : 'configparams force-mem-access 1' command is executed.
15:18:21 INFO  : Context for 'APU' is selected.
15:18:21 INFO  : Sourcing of 'C:/Users/dianhsu/Desktop/Using_IP_with_Zynq/mylab/relu_vitis/test_relu/_ide/psinit/ps7_init.tcl' is done.
15:18:21 INFO  : 'ps7_init' command is executed.
15:18:21 INFO  : 'ps7_post_config' command is executed.
15:18:21 INFO  : Context for processor 'ps7_cortexa9_0' is selected.
15:18:21 INFO  : The application 'C:/Users/dianhsu/Desktop/Using_IP_with_Zynq/mylab/relu_vitis/test_relu/Debug/test_relu.elf' is downloaded to processor 'ps7_cortexa9_0'.
15:18:21 INFO  : 'configparams force-mem-access 0' command is executed.
15:18:21 INFO  : ----------------XSDB Script----------------
connect -url tcp:127.0.0.1:3121
targets -set -nocase -filter {name =~"APU*"}
rst -system
after 3000
targets -set -filter {jtag_cable_name =~ "Digilent Zed 210248774077" && level==0 && jtag_device_ctx=="jsn-Zed-210248774077-23727093-0"}
fpga -file C:/Users/dianhsu/Desktop/Using_IP_with_Zynq/mylab/relu_vitis/test_relu/_ide/bitstream/relu_bd_wrapper.bit
targets -set -nocase -filter {name =~"APU*"}
loadhw -hw C:/Users/dianhsu/Desktop/Using_IP_with_Zynq/mylab/relu_vitis/zed_hw/export/zed_hw/hw/relu_bd_wrapper.xsa -mem-ranges [list {0x40000000 0xbfffffff}] -regs
configparams force-mem-access 1
targets -set -nocase -filter {name =~"APU*"}
source C:/Users/dianhsu/Desktop/Using_IP_with_Zynq/mylab/relu_vitis/test_relu/_ide/psinit/ps7_init.tcl
ps7_init
ps7_post_config
targets -set -nocase -filter {name =~ "*A9*#0"}
dow C:/Users/dianhsu/Desktop/Using_IP_with_Zynq/mylab/relu_vitis/test_relu/Debug/test_relu.elf
configparams force-mem-access 0
----------------End of Script----------------

15:18:21 INFO  : Context for processor 'ps7_cortexa9_0' is selected.
15:18:21 INFO  : 'con' command is executed.
15:18:21 INFO  : ----------------XSDB Script (After Launch)----------------
targets -set -nocase -filter {name =~ "*A9*#0"}
con
----------------End of Script----------------

15:18:21 INFO  : Launch script is exported to file 'C:\Users\dianhsu\Desktop\Using_IP_with_Zynq\mylab\relu_vitis\test_relu_system\_ide\scripts\debugger_test_relu-default.tcl'
15:35:12 INFO  : Disconnected from the channel tcfchan#25.
