Copyright 1986-2020 Xilinx, Inc. All Rights Reserved.
------------------------------------------------------------------------------------------------------------------------------------
| Tool Version : Vivado v.2020.2 (win64) Build 3064766 Wed Nov 18 09:12:45 MST 2020
| Date         : Tue Jan 26 14:28:09 2021
| Host         : Windows10-508 running 64-bit major release  (build 9200)
| Command      : report_drc -file relu_bd_wrapper_drc_opted.rpt -pb relu_bd_wrapper_drc_opted.pb -rpx relu_bd_wrapper_drc_opted.rpx
| Design       : relu_bd_wrapper
| Device       : xc7z020clg484-1
| Speed File   : -1
| Design State : Synthesized
------------------------------------------------------------------------------------------------------------------------------------

Report DRC

Table of Contents
-----------------
1. REPORT SUMMARY
2. REPORT DETAILS

1. REPORT SUMMARY
-----------------
            Netlist: netlist
          Floorplan: design_1
      Design limits: <entire design considered>
           Ruledeck: default
             Max violations: <unlimited>
             Violations found: 12
+-----------+----------+----------------------------+------------+
| Rule      | Severity | Description                | Violations |
+-----------+----------+----------------------------+------------+
| REQP-1840 | Warning  | RAMB18 async control check | 12         |
+-----------+----------+----------------------------+------------+

2. REPORT DETAILS
-----------------
REQP-1840#1 Warning
RAMB18 async control check  
The RAMB18E1 relu_bd_i/relu_top_0/inst/gmem_m_axi_U/bus_read/buff_rdata/mem_reg has an input control pin relu_bd_i/relu_top_0/inst/gmem_m_axi_U/bus_read/buff_rdata/mem_reg/WEBWE[0] (net: relu_bd_i/relu_top_0/inst/gmem_m_axi_U/bus_read/buff_rdata/m_axi_gmem_RVALID) which is driven by a register (relu_bd_i/axi_mem_intercon/s00_couplers/auto_pc/inst/gen_axi4_axi3.axi3_conv_inst/USE_READ.USE_SPLIT_R.read_addr_inst/USE_R_CHANNEL.cmd_queue/inst/fifo_gen_inst/inst_fifo_gen/gconvfifo.rf/grf.rf/gntv_or_sync_fifo.gl0.rd/gr1.gr1_int.rfwft/empty_fwft_i_reg) that has an active asychronous set or reset. This may cause corruption of the memory contents and/or read values when the set/reset is asserted and is not analyzed by the default static timing analysis. It is suggested to eliminate the use of a set/reset to registers driving this RAMB pin or else use a synchronous reset in which the assertion of the reset is timed by default.
Related violations: <none>

REQP-1840#2 Warning
RAMB18 async control check  
The RAMB18E1 relu_bd_i/relu_top_0/inst/gmem_m_axi_U/bus_read/buff_rdata/mem_reg has an input control pin relu_bd_i/relu_top_0/inst/gmem_m_axi_U/bus_read/buff_rdata/mem_reg/WEBWE[1] (net: relu_bd_i/relu_top_0/inst/gmem_m_axi_U/bus_read/buff_rdata/m_axi_gmem_RVALID) which is driven by a register (relu_bd_i/axi_mem_intercon/s00_couplers/auto_pc/inst/gen_axi4_axi3.axi3_conv_inst/USE_READ.USE_SPLIT_R.read_addr_inst/USE_R_CHANNEL.cmd_queue/inst/fifo_gen_inst/inst_fifo_gen/gconvfifo.rf/grf.rf/gntv_or_sync_fifo.gl0.rd/gr1.gr1_int.rfwft/empty_fwft_i_reg) that has an active asychronous set or reset. This may cause corruption of the memory contents and/or read values when the set/reset is asserted and is not analyzed by the default static timing analysis. It is suggested to eliminate the use of a set/reset to registers driving this RAMB pin or else use a synchronous reset in which the assertion of the reset is timed by default.
Related violations: <none>

REQP-1840#3 Warning
RAMB18 async control check  
The RAMB18E1 relu_bd_i/relu_top_0/inst/gmem_m_axi_U/bus_read/buff_rdata/mem_reg has an input control pin relu_bd_i/relu_top_0/inst/gmem_m_axi_U/bus_read/buff_rdata/mem_reg/WEBWE[2] (net: relu_bd_i/relu_top_0/inst/gmem_m_axi_U/bus_read/buff_rdata/m_axi_gmem_RVALID) which is driven by a register (relu_bd_i/axi_mem_intercon/s00_couplers/auto_pc/inst/gen_axi4_axi3.axi3_conv_inst/USE_READ.USE_SPLIT_R.read_addr_inst/USE_R_CHANNEL.cmd_queue/inst/fifo_gen_inst/inst_fifo_gen/gconvfifo.rf/grf.rf/gntv_or_sync_fifo.gl0.rd/gr1.gr1_int.rfwft/empty_fwft_i_reg) that has an active asychronous set or reset. This may cause corruption of the memory contents and/or read values when the set/reset is asserted and is not analyzed by the default static timing analysis. It is suggested to eliminate the use of a set/reset to registers driving this RAMB pin or else use a synchronous reset in which the assertion of the reset is timed by default.
Related violations: <none>

REQP-1840#4 Warning
RAMB18 async control check  
The RAMB18E1 relu_bd_i/relu_top_0/inst/gmem_m_axi_U/bus_read/buff_rdata/mem_reg has an input control pin relu_bd_i/relu_top_0/inst/gmem_m_axi_U/bus_read/buff_rdata/mem_reg/WEBWE[3] (net: relu_bd_i/relu_top_0/inst/gmem_m_axi_U/bus_read/buff_rdata/m_axi_gmem_RVALID) which is driven by a register (relu_bd_i/axi_mem_intercon/s00_couplers/auto_pc/inst/gen_axi4_axi3.axi3_conv_inst/USE_READ.USE_SPLIT_R.read_addr_inst/USE_R_CHANNEL.cmd_queue/inst/fifo_gen_inst/inst_fifo_gen/gconvfifo.rf/grf.rf/gntv_or_sync_fifo.gl0.rd/gr1.gr1_int.rfwft/empty_fwft_i_reg) that has an active asychronous set or reset. This may cause corruption of the memory contents and/or read values when the set/reset is asserted and is not analyzed by the default static timing analysis. It is suggested to eliminate the use of a set/reset to registers driving this RAMB pin or else use a synchronous reset in which the assertion of the reset is timed by default.
Related violations: <none>

REQP-1840#5 Warning
RAMB18 async control check  
The RAMB18E1 relu_bd_i/relu_top_0/inst/gmem_m_axi_U/bus_write/buff_wdata/mem_reg has an input control pin relu_bd_i/relu_top_0/inst/gmem_m_axi_U/bus_write/buff_wdata/mem_reg/ADDRARDADDR[10] (net: relu_bd_i/relu_top_0/inst/gmem_m_axi_U/bus_write/buff_wdata/rnext[5]) which is driven by a register (relu_bd_i/axi_mem_intercon/s00_couplers/auto_pc/inst/gen_axi4_axi3.axi3_conv_inst/USE_WRITE.write_addr_inst/USE_BURSTS.cmd_queue/inst/fifo_gen_inst/inst_fifo_gen/gconvfifo.rf/grf.rf/gntv_or_sync_fifo.gl0.rd/gr1.gr1_int.rfwft/empty_fwft_i_reg) that has an active asychronous set or reset. This may cause corruption of the memory contents and/or read values when the set/reset is asserted and is not analyzed by the default static timing analysis. It is suggested to eliminate the use of a set/reset to registers driving this RAMB pin or else use a synchronous reset in which the assertion of the reset is timed by default.
Related violations: <none>

REQP-1840#6 Warning
RAMB18 async control check  
The RAMB18E1 relu_bd_i/relu_top_0/inst/gmem_m_axi_U/bus_write/buff_wdata/mem_reg has an input control pin relu_bd_i/relu_top_0/inst/gmem_m_axi_U/bus_write/buff_wdata/mem_reg/ADDRARDADDR[11] (net: relu_bd_i/relu_top_0/inst/gmem_m_axi_U/bus_write/buff_wdata/rnext[6]) which is driven by a register (relu_bd_i/axi_mem_intercon/s00_couplers/auto_pc/inst/gen_axi4_axi3.axi3_conv_inst/USE_WRITE.write_addr_inst/USE_BURSTS.cmd_queue/inst/fifo_gen_inst/inst_fifo_gen/gconvfifo.rf/grf.rf/gntv_or_sync_fifo.gl0.rd/gr1.gr1_int.rfwft/empty_fwft_i_reg) that has an active asychronous set or reset. This may cause corruption of the memory contents and/or read values when the set/reset is asserted and is not analyzed by the default static timing analysis. It is suggested to eliminate the use of a set/reset to registers driving this RAMB pin or else use a synchronous reset in which the assertion of the reset is timed by default.
Related violations: <none>

REQP-1840#7 Warning
RAMB18 async control check  
The RAMB18E1 relu_bd_i/relu_top_0/inst/gmem_m_axi_U/bus_write/buff_wdata/mem_reg has an input control pin relu_bd_i/relu_top_0/inst/gmem_m_axi_U/bus_write/buff_wdata/mem_reg/ADDRARDADDR[12] (net: relu_bd_i/relu_top_0/inst/gmem_m_axi_U/bus_write/buff_wdata/rnext[7]) which is driven by a register (relu_bd_i/axi_mem_intercon/s00_couplers/auto_pc/inst/gen_axi4_axi3.axi3_conv_inst/USE_WRITE.write_addr_inst/USE_BURSTS.cmd_queue/inst/fifo_gen_inst/inst_fifo_gen/gconvfifo.rf/grf.rf/gntv_or_sync_fifo.gl0.rd/gr1.gr1_int.rfwft/empty_fwft_i_reg) that has an active asychronous set or reset. This may cause corruption of the memory contents and/or read values when the set/reset is asserted and is not analyzed by the default static timing analysis. It is suggested to eliminate the use of a set/reset to registers driving this RAMB pin or else use a synchronous reset in which the assertion of the reset is timed by default.
Related violations: <none>

REQP-1840#8 Warning
RAMB18 async control check  
The RAMB18E1 relu_bd_i/relu_top_0/inst/gmem_m_axi_U/bus_write/buff_wdata/mem_reg has an input control pin relu_bd_i/relu_top_0/inst/gmem_m_axi_U/bus_write/buff_wdata/mem_reg/ADDRARDADDR[5] (net: relu_bd_i/relu_top_0/inst/gmem_m_axi_U/bus_write/buff_wdata/rnext[0]) which is driven by a register (relu_bd_i/axi_mem_intercon/s00_couplers/auto_pc/inst/gen_axi4_axi3.axi3_conv_inst/USE_WRITE.write_addr_inst/USE_BURSTS.cmd_queue/inst/fifo_gen_inst/inst_fifo_gen/gconvfifo.rf/grf.rf/gntv_or_sync_fifo.gl0.rd/gr1.gr1_int.rfwft/empty_fwft_i_reg) that has an active asychronous set or reset. This may cause corruption of the memory contents and/or read values when the set/reset is asserted and is not analyzed by the default static timing analysis. It is suggested to eliminate the use of a set/reset to registers driving this RAMB pin or else use a synchronous reset in which the assertion of the reset is timed by default.
Related violations: <none>

REQP-1840#9 Warning
RAMB18 async control check  
The RAMB18E1 relu_bd_i/relu_top_0/inst/gmem_m_axi_U/bus_write/buff_wdata/mem_reg has an input control pin relu_bd_i/relu_top_0/inst/gmem_m_axi_U/bus_write/buff_wdata/mem_reg/ADDRARDADDR[6] (net: relu_bd_i/relu_top_0/inst/gmem_m_axi_U/bus_write/buff_wdata/rnext[1]) which is driven by a register (relu_bd_i/axi_mem_intercon/s00_couplers/auto_pc/inst/gen_axi4_axi3.axi3_conv_inst/USE_WRITE.write_addr_inst/USE_BURSTS.cmd_queue/inst/fifo_gen_inst/inst_fifo_gen/gconvfifo.rf/grf.rf/gntv_or_sync_fifo.gl0.rd/gr1.gr1_int.rfwft/empty_fwft_i_reg) that has an active asychronous set or reset. This may cause corruption of the memory contents and/or read values when the set/reset is asserted and is not analyzed by the default static timing analysis. It is suggested to eliminate the use of a set/reset to registers driving this RAMB pin or else use a synchronous reset in which the assertion of the reset is timed by default.
Related violations: <none>

REQP-1840#10 Warning
RAMB18 async control check  
The RAMB18E1 relu_bd_i/relu_top_0/inst/gmem_m_axi_U/bus_write/buff_wdata/mem_reg has an input control pin relu_bd_i/relu_top_0/inst/gmem_m_axi_U/bus_write/buff_wdata/mem_reg/ADDRARDADDR[7] (net: relu_bd_i/relu_top_0/inst/gmem_m_axi_U/bus_write/buff_wdata/rnext[2]) which is driven by a register (relu_bd_i/axi_mem_intercon/s00_couplers/auto_pc/inst/gen_axi4_axi3.axi3_conv_inst/USE_WRITE.write_addr_inst/USE_BURSTS.cmd_queue/inst/fifo_gen_inst/inst_fifo_gen/gconvfifo.rf/grf.rf/gntv_or_sync_fifo.gl0.rd/gr1.gr1_int.rfwft/empty_fwft_i_reg) that has an active asychronous set or reset. This may cause corruption of the memory contents and/or read values when the set/reset is asserted and is not analyzed by the default static timing analysis. It is suggested to eliminate the use of a set/reset to registers driving this RAMB pin or else use a synchronous reset in which the assertion of the reset is timed by default.
Related violations: <none>

REQP-1840#11 Warning
RAMB18 async control check  
The RAMB18E1 relu_bd_i/relu_top_0/inst/gmem_m_axi_U/bus_write/buff_wdata/mem_reg has an input control pin relu_bd_i/relu_top_0/inst/gmem_m_axi_U/bus_write/buff_wdata/mem_reg/ADDRARDADDR[8] (net: relu_bd_i/relu_top_0/inst/gmem_m_axi_U/bus_write/buff_wdata/rnext[3]) which is driven by a register (relu_bd_i/axi_mem_intercon/s00_couplers/auto_pc/inst/gen_axi4_axi3.axi3_conv_inst/USE_WRITE.write_addr_inst/USE_BURSTS.cmd_queue/inst/fifo_gen_inst/inst_fifo_gen/gconvfifo.rf/grf.rf/gntv_or_sync_fifo.gl0.rd/gr1.gr1_int.rfwft/empty_fwft_i_reg) that has an active asychronous set or reset. This may cause corruption of the memory contents and/or read values when the set/reset is asserted and is not analyzed by the default static timing analysis. It is suggested to eliminate the use of a set/reset to registers driving this RAMB pin or else use a synchronous reset in which the assertion of the reset is timed by default.
Related violations: <none>

REQP-1840#12 Warning
RAMB18 async control check  
The RAMB18E1 relu_bd_i/relu_top_0/inst/gmem_m_axi_U/bus_write/buff_wdata/mem_reg has an input control pin relu_bd_i/relu_top_0/inst/gmem_m_axi_U/bus_write/buff_wdata/mem_reg/ADDRARDADDR[9] (net: relu_bd_i/relu_top_0/inst/gmem_m_axi_U/bus_write/buff_wdata/rnext[4]) which is driven by a register (relu_bd_i/axi_mem_intercon/s00_couplers/auto_pc/inst/gen_axi4_axi3.axi3_conv_inst/USE_WRITE.write_addr_inst/USE_BURSTS.cmd_queue/inst/fifo_gen_inst/inst_fifo_gen/gconvfifo.rf/grf.rf/gntv_or_sync_fifo.gl0.rd/gr1.gr1_int.rfwft/empty_fwft_i_reg) that has an active asychronous set or reset. This may cause corruption of the memory contents and/or read values when the set/reset is asserted and is not analyzed by the default static timing analysis. It is suggested to eliminate the use of a set/reset to registers driving this RAMB pin or else use a synchronous reset in which the assertion of the reset is timed by default.
Related violations: <none>


