

================================================================
== Synthesis Summary Report of 'relu_top'
================================================================
+ General Information: 
    * Date:           Tue Jan 26 14:08:04 2021
    * Version:        2020.2 (Build 3064766 on Wed Nov 18 09:12:45 MST 2020)
    * Project:        relu
    * Solution:       solution1 (Vivado IP Flow Target)
    * Product family: zynq
    * Target device:  xc7z020-clg484-1
    

+ Performance & Resource Estimates: 
    
    PS: '+' for module; 'o' for loop; '*' for dataflow
    +----------------------+--------+-------+---------+-----------+----------+---------+------+----------+---------+----+-----------+-----------+-----+
    |        Modules       |  Issue |       | Latency |  Latency  | Iteration|         | Trip |          |         |    |           |           |     |
    |        & Loops       |  Type  | Slack | (cycles)|    (ns)   |  Latency | Interval| Count| Pipelined|  BRAM   | DSP|     FF    |    LUT    | URAM|
    +----------------------+--------+-------+---------+-----------+----------+---------+------+----------+---------+----+-----------+-----------+-----+
    |+ relu_top            |  Timing|   0.00|   836359|  8.364e+06|         -|   836360|     -|        no|  2 (~0%)|   -|  963 (~0%)|  1200 (2%)|    -|
    | o relu_top_label0    |       -|  -7.30|   836358|  8.364e+06|    278786|        -|     3|        no|        -|   -|          -|          -|    -|
    |  o relu_top_label1   |       -|  -7.30|   278784|  2.788e+06|      2178|        -|   128|        no|        -|   -|          -|          -|    -|
    |   o relu_top_label2  |       -|  -7.30|     2176|  2.176e+04|        17|        -|   128|        no|        -|   -|          -|          -|    -|
    +----------------------+--------+-------+---------+-----------+----------+---------+------+----------+---------+----+-----------+-----------+-----+

