

================================================================
== Vitis HLS Report for 'relu_top'
================================================================
* Date:           Wed Jan 27 02:59:59 2021

* Version:        2020.2 (Build 3064766 on Wed Nov 18 09:12:45 MST 2020)
* Project:        relu
* Solution:       solution1 (Vivado IP Flow Target)
* Product family: zynq
* Target device:  xc7z020-clg484-1


================================================================
== Performance Estimates
================================================================
+ Timing: 
    * Summary: 
    +--------+----------+----------+------------+
    |  Clock |  Target  | Estimated| Uncertainty|
    +--------+----------+----------+------------+
    |ap_clk  |  10.00 ns|  7.300 ns|     2.70 ns|
    +--------+----------+----------+------------+

+ Latency: 
    * Summary: 
    +---------+---------+----------+----------+-----+-----+---------+
    |  Latency (cycles) |  Latency (absolute) |  Interval | Pipeline|
    |   min   |   max   |    min   |    max   | min | max |   Type  |
    +---------+---------+----------+----------+-----+-----+---------+
    |       82|       82|  0.820 us|  0.820 us|   83|   83|     none|
    +---------+---------+----------+----------+-----+-----+---------+

    + Detail: 
        * Instance: 
        N/A

        * Loop: 
        +---------------------------------+---------+---------+----------+-----------+-----------+------+----------+
        |                                 |  Latency (cycles) | Iteration|  Initiation Interval  | Trip |          |
        |            Loop Name            |   min   |   max   |  Latency |  achieved |   target  | Count| Pipelined|
        +---------------------------------+---------+---------+----------+-----------+-----------+------+----------+
        |- VITIS_LOOP_5_1_VITIS_LOOP_6_2  |       73|       73|        11|          1|          1|    64|       yes|
        +---------------------------------+---------+---------+----------+-----------+-----------+------+----------+



================================================================
== Utilization Estimates
================================================================
* Summary: 
+-----------------+---------+-----+--------+-------+-----+
|       Name      | BRAM_18K| DSP |   FF   |  LUT  | URAM|
+-----------------+---------+-----+--------+-------+-----+
|DSP              |        -|    -|       -|      -|    -|
|Expression       |        -|    -|       0|    318|    -|
|FIFO             |        -|    -|       -|      -|    -|
|Instance         |        2|    -|     840|   1132|    -|
|Memory           |        -|    -|       -|      -|    -|
|Multiplexer      |        -|    -|       -|    204|    -|
|Register         |        -|    -|     497|     96|    -|
+-----------------+---------+-----+--------+-------+-----+
|Total            |        2|    0|    1337|   1750|    0|
+-----------------+---------+-----+--------+-------+-----+
|Available        |      280|  220|  106400|  53200|    0|
+-----------------+---------+-----+--------+-------+-----+
|Utilization (%)  |       ~0|    0|       1|      3|    0|
+-----------------+---------+-----+--------+-------+-----+

+ Detail: 
    * Instance: 
    +--------------------------------+-----------------------------+---------+----+-----+-----+-----+
    |            Instance            |            Module           | BRAM_18K| DSP|  FF | LUT | URAM|
    +--------------------------------+-----------------------------+---------+----+-----+-----+-----+
    |control_s_axi_U                 |control_s_axi                |        0|   0|  328|  552|    0|
    |fcmp_32ns_32ns_1_2_no_dsp_1_U1  |fcmp_32ns_32ns_1_2_no_dsp_1  |        0|   0|    0|    0|    0|
    |gmem_m_axi_U                    |gmem_m_axi                   |        2|   0|  512|  580|    0|
    +--------------------------------+-----------------------------+---------+----+-----+-----+-----+
    |Total                           |                             |        2|   0|  840| 1132|    0|
    +--------------------------------+-----------------------------+---------+----+-----+-----+-----+

    * DSP: 
    N/A

    * Memory: 
    N/A

    * FIFO: 
    N/A

    * Expression: 
    +------------------------------------+----------+----+---+----+------------+------------+
    |            Variable Name           | Operation| DSP| FF| LUT| Bitwidth P0| Bitwidth P1|
    +------------------------------------+----------+----+---+----+------------+------------+
    |add_ln11_fu_419_p2                  |         +|   0|  0|  39|          32|           1|
    |add_ln12_1_fu_391_p2                |         +|   0|  0|  64|          64|          64|
    |add_ln12_fu_386_p2                  |         +|   0|  0|  64|          64|          64|
    |add_ln5_1_fu_312_p2                 |         +|   0|  0|  13|           4|           1|
    |add_ln5_fu_272_p2                   |         +|   0|  0|  14|           7|           1|
    |add_ln6_fu_348_p2                   |         +|   0|  0|  13|           4|           1|
    |add_ln8_fu_426_p2                   |         +|   0|  0|  39|          32|           1|
    |and_ln7_fu_369_p2                   |       and|   0|  0|   2|           1|           1|
    |ap_block_state10_pp0_stage0_iter1   |       and|   0|  0|   2|           1|           1|
    |icmp_ln5_fu_278_p2                  |      icmp|   0|  0|  11|           7|           8|
    |icmp_ln6_fu_298_p2                  |      icmp|   0|  0|   9|           4|           5|
    |icmp_ln7_1_fu_339_p2                |      icmp|   0|  0|  15|          23|           1|
    |icmp_ln7_fu_334_p2                  |      icmp|   0|  0|  11|           8|           2|
    |ap_block_pp0_stage0_00001           |        or|   0|  0|   2|           1|           1|
    |ap_block_pp0_stage0_11001           |        or|   0|  0|   2|           1|           1|
    |ap_block_state13_io                 |        or|   0|  0|   2|           1|           1|
    |ap_block_state14_io                 |        or|   0|  0|   2|           1|           1|
    |ap_block_state19_pp0_stage0_iter10  |        or|   0|  0|   2|           1|           1|
    |or_ln7_fu_365_p2                    |        or|   0|  0|   2|           1|           1|
    |select_ln5_1_fu_318_p3              |    select|   0|  0|   4|           1|           4|
    |select_ln5_fu_304_p3                |    select|   0|  0|   4|           1|           1|
    |ap_enable_pp0                       |       xor|   0|  0|   2|           1|           2|
    +------------------------------------+----------+----+---+----+------------+------------+
    |Total                               |          |   0|  0| 318|         260|         164|
    +------------------------------------+----------+----+---+----+------------+------------+

    * Multiplexer: 
    +----------------------------+----+-----------+-----+-----------+
    |            Name            | LUT| Input Size| Bits| Total Bits|
    +----------------------------+----+-----------+-----+-----------+
    |ap_NS_fsm                   |  59|         11|    1|         11|
    |ap_enable_reg_pp0_iter10    |   9|          2|    1|          2|
    |ap_enable_reg_pp0_iter3     |   9|          2|    1|          2|
    |ap_phi_mux_i_phi_fu_220_p4  |   9|          2|    4|          8|
    |gmem_AWADDR                 |  14|          3|   64|        192|
    |gmem_WDATA                  |  14|          3|   32|         96|
    |gmem_blk_n_AR               |   9|          2|    1|          2|
    |gmem_blk_n_AW               |   9|          2|    1|          2|
    |gmem_blk_n_B                |   9|          2|    1|          2|
    |gmem_blk_n_R                |   9|          2|    1|          2|
    |gmem_blk_n_W                |   9|          2|    1|          2|
    |i_reg_216                   |   9|          2|    4|          8|
    |indvar_flatten_reg_205      |   9|          2|    7|         14|
    |j_reg_227                   |   9|          2|    4|          8|
    |negative_o                  |   9|          2|   32|         64|
    |positive_r_o                |   9|          2|   32|         64|
    +----------------------------+----+-----------+-----+-----------+
    |Total                       | 204|         43|  187|        479|
    +----------------------------+----+-----------+-----+-----------+

    * Register: 
    +--------------------------+----+----+-----+-----------+
    |           Name           | FF | LUT| Bits| Const Bits|
    +--------------------------+----+----+-----+-----------+
    |add_ln12_1_reg_508        |  64|   0|   64|          0|
    |and_ln7_reg_504           |   1|   0|    1|          0|
    |ap_CS_fsm                 |  10|   0|   10|          0|
    |ap_enable_reg_pp0_iter0   |   1|   0|    1|          0|
    |ap_enable_reg_pp0_iter1   |   1|   0|    1|          0|
    |ap_enable_reg_pp0_iter10  |   1|   0|    1|          0|
    |ap_enable_reg_pp0_iter2   |   1|   0|    1|          0|
    |ap_enable_reg_pp0_iter3   |   1|   0|    1|          0|
    |ap_enable_reg_pp0_iter4   |   1|   0|    1|          0|
    |ap_enable_reg_pp0_iter5   |   1|   0|    1|          0|
    |ap_enable_reg_pp0_iter6   |   1|   0|    1|          0|
    |ap_enable_reg_pp0_iter7   |   1|   0|    1|          0|
    |ap_enable_reg_pp0_iter8   |   1|   0|    1|          0|
    |ap_enable_reg_pp0_iter9   |   1|   0|    1|          0|
    |dout_read_reg_433         |  64|   0|   64|          0|
    |gmem_addr_read_reg_453    |  32|   0|   32|          0|
    |gmem_addr_reg_438         |  64|   0|   64|          0|
    |i_reg_216                 |   4|   0|    4|          0|
    |icmp_ln5_reg_449          |   1|   0|    1|          0|
    |icmp_ln7_1_reg_489        |   1|   0|    1|          0|
    |icmp_ln7_reg_484          |   1|   0|    1|          0|
    |indvar_flatten_reg_205    |   7|   0|    7|          0|
    |j_reg_227                 |   4|   0|    4|          0|
    |select_ln5_1_reg_469      |   4|   0|    4|          0|
    |tmp_1_reg_459             |   8|   0|    8|          0|
    |trunc_ln12_reg_494        |   3|   0|    3|          0|
    |trunc_ln5_1_reg_474       |   3|   0|    3|          0|
    |trunc_ln7_reg_464         |  23|   0|   23|          0|
    |and_ln7_reg_504           |  64|  32|    1|          0|
    |gmem_addr_read_reg_453    |  64|  32|   32|          0|
    |icmp_ln5_reg_449          |  64|  32|    1|          0|
    +--------------------------+----+----+-----+-----------+
    |Total                     | 497|  96|  339|          0|
    +--------------------------+----+----+-----+-----------+



================================================================
== Interface
================================================================
* Summary: 
+-----------------------+-----+-----+------------+--------------+--------------+
|       RTL Ports       | Dir | Bits|  Protocol  | Source Object|    C Type    |
+-----------------------+-----+-----+------------+--------------+--------------+
|s_axi_control_AWVALID  |   in|    1|       s_axi|       control|       pointer|
|s_axi_control_AWREADY  |  out|    1|       s_axi|       control|       pointer|
|s_axi_control_AWADDR   |   in|    7|       s_axi|       control|       pointer|
|s_axi_control_WVALID   |   in|    1|       s_axi|       control|       pointer|
|s_axi_control_WREADY   |  out|    1|       s_axi|       control|       pointer|
|s_axi_control_WDATA    |   in|   32|       s_axi|       control|       pointer|
|s_axi_control_WSTRB    |   in|    4|       s_axi|       control|       pointer|
|s_axi_control_ARVALID  |   in|    1|       s_axi|       control|       pointer|
|s_axi_control_ARREADY  |  out|    1|       s_axi|       control|       pointer|
|s_axi_control_ARADDR   |   in|    7|       s_axi|       control|       pointer|
|s_axi_control_RVALID   |  out|    1|       s_axi|       control|       pointer|
|s_axi_control_RREADY   |   in|    1|       s_axi|       control|       pointer|
|s_axi_control_RDATA    |  out|   32|       s_axi|       control|       pointer|
|s_axi_control_RRESP    |  out|    2|       s_axi|       control|       pointer|
|s_axi_control_BVALID   |  out|    1|       s_axi|       control|       pointer|
|s_axi_control_BREADY   |   in|    1|       s_axi|       control|       pointer|
|s_axi_control_BRESP    |  out|    2|       s_axi|       control|       pointer|
|ap_clk                 |   in|    1|  ap_ctrl_hs|      relu_top|  return value|
|ap_rst_n               |   in|    1|  ap_ctrl_hs|      relu_top|  return value|
|interrupt              |  out|    1|  ap_ctrl_hs|      relu_top|  return value|
|m_axi_gmem_AWVALID     |  out|    1|       m_axi|          gmem|       pointer|
|m_axi_gmem_AWREADY     |   in|    1|       m_axi|          gmem|       pointer|
|m_axi_gmem_AWADDR      |  out|   64|       m_axi|          gmem|       pointer|
|m_axi_gmem_AWID        |  out|    1|       m_axi|          gmem|       pointer|
|m_axi_gmem_AWLEN       |  out|    8|       m_axi|          gmem|       pointer|
|m_axi_gmem_AWSIZE      |  out|    3|       m_axi|          gmem|       pointer|
|m_axi_gmem_AWBURST     |  out|    2|       m_axi|          gmem|       pointer|
|m_axi_gmem_AWLOCK      |  out|    2|       m_axi|          gmem|       pointer|
|m_axi_gmem_AWCACHE     |  out|    4|       m_axi|          gmem|       pointer|
|m_axi_gmem_AWPROT      |  out|    3|       m_axi|          gmem|       pointer|
|m_axi_gmem_AWQOS       |  out|    4|       m_axi|          gmem|       pointer|
|m_axi_gmem_AWREGION    |  out|    4|       m_axi|          gmem|       pointer|
|m_axi_gmem_AWUSER      |  out|    1|       m_axi|          gmem|       pointer|
|m_axi_gmem_WVALID      |  out|    1|       m_axi|          gmem|       pointer|
|m_axi_gmem_WREADY      |   in|    1|       m_axi|          gmem|       pointer|
|m_axi_gmem_WDATA       |  out|   32|       m_axi|          gmem|       pointer|
|m_axi_gmem_WSTRB       |  out|    4|       m_axi|          gmem|       pointer|
|m_axi_gmem_WLAST       |  out|    1|       m_axi|          gmem|       pointer|
|m_axi_gmem_WID         |  out|    1|       m_axi|          gmem|       pointer|
|m_axi_gmem_WUSER       |  out|    1|       m_axi|          gmem|       pointer|
|m_axi_gmem_ARVALID     |  out|    1|       m_axi|          gmem|       pointer|
|m_axi_gmem_ARREADY     |   in|    1|       m_axi|          gmem|       pointer|
|m_axi_gmem_ARADDR      |  out|   64|       m_axi|          gmem|       pointer|
|m_axi_gmem_ARID        |  out|    1|       m_axi|          gmem|       pointer|
|m_axi_gmem_ARLEN       |  out|    8|       m_axi|          gmem|       pointer|
|m_axi_gmem_ARSIZE      |  out|    3|       m_axi|          gmem|       pointer|
|m_axi_gmem_ARBURST     |  out|    2|       m_axi|          gmem|       pointer|
|m_axi_gmem_ARLOCK      |  out|    2|       m_axi|          gmem|       pointer|
|m_axi_gmem_ARCACHE     |  out|    4|       m_axi|          gmem|       pointer|
|m_axi_gmem_ARPROT      |  out|    3|       m_axi|          gmem|       pointer|
|m_axi_gmem_ARQOS       |  out|    4|       m_axi|          gmem|       pointer|
|m_axi_gmem_ARREGION    |  out|    4|       m_axi|          gmem|       pointer|
|m_axi_gmem_ARUSER      |  out|    1|       m_axi|          gmem|       pointer|
|m_axi_gmem_RVALID      |   in|    1|       m_axi|          gmem|       pointer|
|m_axi_gmem_RREADY      |  out|    1|       m_axi|          gmem|       pointer|
|m_axi_gmem_RDATA       |   in|   32|       m_axi|          gmem|       pointer|
|m_axi_gmem_RLAST       |   in|    1|       m_axi|          gmem|       pointer|
|m_axi_gmem_RID         |   in|    1|       m_axi|          gmem|       pointer|
|m_axi_gmem_RUSER       |   in|    1|       m_axi|          gmem|       pointer|
|m_axi_gmem_RRESP       |   in|    2|       m_axi|          gmem|       pointer|
|m_axi_gmem_BVALID      |   in|    1|       m_axi|          gmem|       pointer|
|m_axi_gmem_BREADY      |  out|    1|       m_axi|          gmem|       pointer|
|m_axi_gmem_BRESP       |   in|    2|       m_axi|          gmem|       pointer|
|m_axi_gmem_BID         |   in|    1|       m_axi|          gmem|       pointer|
|m_axi_gmem_BUSER       |   in|    1|       m_axi|          gmem|       pointer|
+-----------------------+-----+-----+------------+--------------+--------------+

