02:35:58 INFO  : Launching XSCT server: xsct.bat -n  -interactive C:\Users\dianhsu\Desktop\Using_IP_with_Zynq\mylab2\vitis\temp_xsdb_launch_script.tcl
02:35:58 INFO  : Registering command handlers for Vitis TCF services
02:36:00 INFO  : XSCT server has started successfully.
02:36:00 INFO  : Platform repository initialization has completed.
02:36:00 INFO  : plnx-install-location is set to ''
02:36:00 INFO  : Successfully done setting XSCT server connection channel  
02:36:00 INFO  : Successfully done query RDI_DATADIR 
02:36:00 INFO  : Successfully done setting workspace for the tool. 
02:36:31 INFO  : Result from executing command 'getProjects': zed
02:36:31 INFO  : Result from executing command 'getPlatforms': 
02:37:59 INFO  : Result from executing command 'getProjects': zed
02:37:59 INFO  : Result from executing command 'getPlatforms': zed|C:/Users/dianhsu/Desktop/Using_IP_with_Zynq/mylab2/vitis/zed/export/zed/zed.xpfm
02:42:11 INFO  : Checking for BSP changes to sync application flags for project 'test_relu'...
02:42:21 INFO  : Checking for BSP changes to sync application flags for project 'test_relu'...
02:42:33 INFO  : Connected to target on host '127.0.0.1' and port '3121'.
02:42:33 INFO  : Jtag cable 'Digilent Zed 210248774077' is selected.
02:42:33 INFO  : 'jtag frequency' command is executed.
02:42:33 INFO  : Context for 'APU' is selected.
02:42:33 INFO  : System reset is completed.
02:42:36 INFO  : 'after 3000' command is executed.
02:42:37 INFO  : 'targets -set -filter {jtag_cable_name =~ "Digilent Zed 210248774077" && level==0 && jtag_device_ctx=="jsn-Zed-210248774077-23727093-0"}' command is executed.
02:42:39 INFO  : Device configured successfully with "C:/Users/dianhsu/Desktop/Using_IP_with_Zynq/mylab2/vitis/test_relu/_ide/bitstream/relu.bit"
02:42:39 INFO  : Context for 'APU' is selected.
02:42:39 INFO  : Hardware design and registers information is loaded from 'C:/Users/dianhsu/Desktop/Using_IP_with_Zynq/mylab2/vitis/zed/export/zed/hw/relu.xsa'.
02:42:39 INFO  : 'configparams force-mem-access 1' command is executed.
02:42:39 INFO  : Context for 'APU' is selected.
02:42:39 INFO  : Sourcing of 'C:/Users/dianhsu/Desktop/Using_IP_with_Zynq/mylab2/vitis/test_relu/_ide/psinit/ps7_init.tcl' is done.
02:42:39 INFO  : 'ps7_init' command is executed.
02:42:39 INFO  : 'ps7_post_config' command is executed.
02:42:39 INFO  : Context for processor 'ps7_cortexa9_0' is selected.
02:42:40 INFO  : The application 'C:/Users/dianhsu/Desktop/Using_IP_with_Zynq/mylab2/vitis/test_relu/Debug/test_relu.elf' is downloaded to processor 'ps7_cortexa9_0'.
02:42:40 INFO  : 'configparams force-mem-access 0' command is executed.
02:42:40 INFO  : ----------------XSDB Script----------------
connect -url tcp:127.0.0.1:3121
targets -set -nocase -filter {name =~"APU*"}
rst -system
after 3000
targets -set -filter {jtag_cable_name =~ "Digilent Zed 210248774077" && level==0 && jtag_device_ctx=="jsn-Zed-210248774077-23727093-0"}
fpga -file C:/Users/dianhsu/Desktop/Using_IP_with_Zynq/mylab2/vitis/test_relu/_ide/bitstream/relu.bit
targets -set -nocase -filter {name =~"APU*"}
loadhw -hw C:/Users/dianhsu/Desktop/Using_IP_with_Zynq/mylab2/vitis/zed/export/zed/hw/relu.xsa -mem-ranges [list {0x40000000 0xbfffffff}] -regs
configparams force-mem-access 1
targets -set -nocase -filter {name =~"APU*"}
source C:/Users/dianhsu/Desktop/Using_IP_with_Zynq/mylab2/vitis/test_relu/_ide/psinit/ps7_init.tcl
ps7_init
ps7_post_config
targets -set -nocase -filter {name =~ "*A9*#0"}
dow C:/Users/dianhsu/Desktop/Using_IP_with_Zynq/mylab2/vitis/test_relu/Debug/test_relu.elf
configparams force-mem-access 0
----------------End of Script----------------

02:42:40 INFO  : Context for processor 'ps7_cortexa9_0' is selected.
02:42:40 INFO  : 'con' command is executed.
02:42:40 INFO  : ----------------XSDB Script (After Launch)----------------
targets -set -nocase -filter {name =~ "*A9*#0"}
con
----------------End of Script----------------

02:42:40 INFO  : Launch script is exported to file 'C:\Users\dianhsu\Desktop\Using_IP_with_Zynq\mylab2\vitis\test_relu_system\_ide\scripts\debugger_test_relu-default.tcl'
02:43:38 INFO  : Checking for BSP changes to sync application flags for project 'test_relu'...
02:43:43 INFO  : Checking for BSP changes to sync application flags for project 'test_relu'...
02:43:47 INFO  : Disconnected from the channel tcfchan#2.
02:43:48 INFO  : Connected to target on host '127.0.0.1' and port '3121'.
02:43:48 INFO  : Jtag cable 'Digilent Zed 210248774077' is selected.
02:43:48 INFO  : 'jtag frequency' command is executed.
02:43:48 INFO  : Context for 'APU' is selected.
02:43:48 INFO  : System reset is completed.
02:43:51 INFO  : 'after 3000' command is executed.
02:43:51 INFO  : 'targets -set -filter {jtag_cable_name =~ "Digilent Zed 210248774077" && level==0 && jtag_device_ctx=="jsn-Zed-210248774077-23727093-0"}' command is executed.
02:43:54 INFO  : Device configured successfully with "C:/Users/dianhsu/Desktop/Using_IP_with_Zynq/mylab2/vitis/test_relu/_ide/bitstream/relu.bit"
02:43:54 INFO  : Context for 'APU' is selected.
02:43:54 INFO  : Hardware design and registers information is loaded from 'C:/Users/dianhsu/Desktop/Using_IP_with_Zynq/mylab2/vitis/zed/export/zed/hw/relu.xsa'.
02:43:54 INFO  : 'configparams force-mem-access 1' command is executed.
02:43:54 INFO  : Context for 'APU' is selected.
02:43:54 INFO  : Sourcing of 'C:/Users/dianhsu/Desktop/Using_IP_with_Zynq/mylab2/vitis/test_relu/_ide/psinit/ps7_init.tcl' is done.
02:43:54 INFO  : 'ps7_init' command is executed.
02:43:54 INFO  : 'ps7_post_config' command is executed.
02:43:54 INFO  : Context for processor 'ps7_cortexa9_0' is selected.
02:43:54 INFO  : The application 'C:/Users/dianhsu/Desktop/Using_IP_with_Zynq/mylab2/vitis/test_relu/Debug/test_relu.elf' is downloaded to processor 'ps7_cortexa9_0'.
02:43:54 INFO  : 'configparams force-mem-access 0' command is executed.
02:43:54 INFO  : ----------------XSDB Script----------------
connect -url tcp:127.0.0.1:3121
targets -set -nocase -filter {name =~"APU*"}
rst -system
after 3000
targets -set -filter {jtag_cable_name =~ "Digilent Zed 210248774077" && level==0 && jtag_device_ctx=="jsn-Zed-210248774077-23727093-0"}
fpga -file C:/Users/dianhsu/Desktop/Using_IP_with_Zynq/mylab2/vitis/test_relu/_ide/bitstream/relu.bit
targets -set -nocase -filter {name =~"APU*"}
loadhw -hw C:/Users/dianhsu/Desktop/Using_IP_with_Zynq/mylab2/vitis/zed/export/zed/hw/relu.xsa -mem-ranges [list {0x40000000 0xbfffffff}] -regs
configparams force-mem-access 1
targets -set -nocase -filter {name =~"APU*"}
source C:/Users/dianhsu/Desktop/Using_IP_with_Zynq/mylab2/vitis/test_relu/_ide/psinit/ps7_init.tcl
ps7_init
ps7_post_config
targets -set -nocase -filter {name =~ "*A9*#0"}
dow C:/Users/dianhsu/Desktop/Using_IP_with_Zynq/mylab2/vitis/test_relu/Debug/test_relu.elf
configparams force-mem-access 0
----------------End of Script----------------

02:43:54 INFO  : Context for processor 'ps7_cortexa9_0' is selected.
02:43:54 INFO  : 'con' command is executed.
02:43:54 INFO  : ----------------XSDB Script (After Launch)----------------
targets -set -nocase -filter {name =~ "*A9*#0"}
con
----------------End of Script----------------

02:43:54 INFO  : Launch script is exported to file 'C:\Users\dianhsu\Desktop\Using_IP_with_Zynq\mylab2\vitis\test_relu_system\_ide\scripts\debugger_test_relu-default.tcl'
02:44:19 INFO  : Checking for BSP changes to sync application flags for project 'test_relu'...
02:44:36 INFO  : Checking for BSP changes to sync application flags for project 'test_relu'...
02:44:44 INFO  : Disconnected from the channel tcfchan#3.
02:44:45 INFO  : Connected to target on host '127.0.0.1' and port '3121'.
02:44:45 INFO  : Jtag cable 'Digilent Zed 210248774077' is selected.
02:44:45 INFO  : 'jtag frequency' command is executed.
02:44:45 INFO  : Context for 'APU' is selected.
02:44:46 INFO  : System reset is completed.
02:44:49 INFO  : 'after 3000' command is executed.
02:44:49 INFO  : 'targets -set -filter {jtag_cable_name =~ "Digilent Zed 210248774077" && level==0 && jtag_device_ctx=="jsn-Zed-210248774077-23727093-0"}' command is executed.
02:44:51 INFO  : Device configured successfully with "C:/Users/dianhsu/Desktop/Using_IP_with_Zynq/mylab2/vitis/test_relu/_ide/bitstream/relu.bit"
02:44:51 INFO  : Context for 'APU' is selected.
02:44:51 INFO  : Hardware design and registers information is loaded from 'C:/Users/dianhsu/Desktop/Using_IP_with_Zynq/mylab2/vitis/zed/export/zed/hw/relu.xsa'.
02:44:51 INFO  : 'configparams force-mem-access 1' command is executed.
02:44:51 INFO  : Context for 'APU' is selected.
02:44:51 INFO  : Sourcing of 'C:/Users/dianhsu/Desktop/Using_IP_with_Zynq/mylab2/vitis/test_relu/_ide/psinit/ps7_init.tcl' is done.
02:44:51 INFO  : 'ps7_init' command is executed.
02:44:51 INFO  : 'ps7_post_config' command is executed.
02:44:51 INFO  : Context for processor 'ps7_cortexa9_0' is selected.
02:44:52 INFO  : The application 'C:/Users/dianhsu/Desktop/Using_IP_with_Zynq/mylab2/vitis/test_relu/Debug/test_relu.elf' is downloaded to processor 'ps7_cortexa9_0'.
02:44:52 INFO  : 'configparams force-mem-access 0' command is executed.
02:44:52 INFO  : ----------------XSDB Script----------------
connect -url tcp:127.0.0.1:3121
targets -set -nocase -filter {name =~"APU*"}
rst -system
after 3000
targets -set -filter {jtag_cable_name =~ "Digilent Zed 210248774077" && level==0 && jtag_device_ctx=="jsn-Zed-210248774077-23727093-0"}
fpga -file C:/Users/dianhsu/Desktop/Using_IP_with_Zynq/mylab2/vitis/test_relu/_ide/bitstream/relu.bit
targets -set -nocase -filter {name =~"APU*"}
loadhw -hw C:/Users/dianhsu/Desktop/Using_IP_with_Zynq/mylab2/vitis/zed/export/zed/hw/relu.xsa -mem-ranges [list {0x40000000 0xbfffffff}] -regs
configparams force-mem-access 1
targets -set -nocase -filter {name =~"APU*"}
source C:/Users/dianhsu/Desktop/Using_IP_with_Zynq/mylab2/vitis/test_relu/_ide/psinit/ps7_init.tcl
ps7_init
ps7_post_config
targets -set -nocase -filter {name =~ "*A9*#0"}
dow C:/Users/dianhsu/Desktop/Using_IP_with_Zynq/mylab2/vitis/test_relu/Debug/test_relu.elf
configparams force-mem-access 0
----------------End of Script----------------

02:44:52 INFO  : Context for processor 'ps7_cortexa9_0' is selected.
02:44:52 INFO  : 'con' command is executed.
02:44:52 INFO  : ----------------XSDB Script (After Launch)----------------
targets -set -nocase -filter {name =~ "*A9*#0"}
con
----------------End of Script----------------

02:44:52 INFO  : Launch script is exported to file 'C:\Users\dianhsu\Desktop\Using_IP_with_Zynq\mylab2\vitis\test_relu_system\_ide\scripts\debugger_test_relu-default.tcl'
02:45:13 INFO  : Checking for BSP changes to sync application flags for project 'test_relu'...
02:45:21 INFO  : Disconnected from the channel tcfchan#4.
02:45:22 INFO  : Connected to target on host '127.0.0.1' and port '3121'.
02:45:22 INFO  : Jtag cable 'Digilent Zed 210248774077' is selected.
02:45:22 INFO  : 'jtag frequency' command is executed.
02:45:22 INFO  : Context for 'APU' is selected.
02:45:22 INFO  : System reset is completed.
02:45:25 INFO  : 'after 3000' command is executed.
02:45:25 INFO  : 'targets -set -filter {jtag_cable_name =~ "Digilent Zed 210248774077" && level==0 && jtag_device_ctx=="jsn-Zed-210248774077-23727093-0"}' command is executed.
02:45:27 INFO  : Device configured successfully with "C:/Users/dianhsu/Desktop/Using_IP_with_Zynq/mylab2/vitis/test_relu/_ide/bitstream/relu.bit"
02:45:27 INFO  : Context for 'APU' is selected.
02:45:27 INFO  : Hardware design and registers information is loaded from 'C:/Users/dianhsu/Desktop/Using_IP_with_Zynq/mylab2/vitis/zed/export/zed/hw/relu.xsa'.
02:45:27 INFO  : 'configparams force-mem-access 1' command is executed.
02:45:27 INFO  : Context for 'APU' is selected.
02:45:27 INFO  : Sourcing of 'C:/Users/dianhsu/Desktop/Using_IP_with_Zynq/mylab2/vitis/test_relu/_ide/psinit/ps7_init.tcl' is done.
02:45:28 INFO  : 'ps7_init' command is executed.
02:45:28 INFO  : 'ps7_post_config' command is executed.
02:45:28 INFO  : Context for processor 'ps7_cortexa9_0' is selected.
02:45:28 INFO  : The application 'C:/Users/dianhsu/Desktop/Using_IP_with_Zynq/mylab2/vitis/test_relu/Debug/test_relu.elf' is downloaded to processor 'ps7_cortexa9_0'.
02:45:28 INFO  : 'configparams force-mem-access 0' command is executed.
02:45:28 INFO  : ----------------XSDB Script----------------
connect -url tcp:127.0.0.1:3121
targets -set -nocase -filter {name =~"APU*"}
rst -system
after 3000
targets -set -filter {jtag_cable_name =~ "Digilent Zed 210248774077" && level==0 && jtag_device_ctx=="jsn-Zed-210248774077-23727093-0"}
fpga -file C:/Users/dianhsu/Desktop/Using_IP_with_Zynq/mylab2/vitis/test_relu/_ide/bitstream/relu.bit
targets -set -nocase -filter {name =~"APU*"}
loadhw -hw C:/Users/dianhsu/Desktop/Using_IP_with_Zynq/mylab2/vitis/zed/export/zed/hw/relu.xsa -mem-ranges [list {0x40000000 0xbfffffff}] -regs
configparams force-mem-access 1
targets -set -nocase -filter {name =~"APU*"}
source C:/Users/dianhsu/Desktop/Using_IP_with_Zynq/mylab2/vitis/test_relu/_ide/psinit/ps7_init.tcl
ps7_init
ps7_post_config
targets -set -nocase -filter {name =~ "*A9*#0"}
dow C:/Users/dianhsu/Desktop/Using_IP_with_Zynq/mylab2/vitis/test_relu/Debug/test_relu.elf
configparams force-mem-access 0
----------------End of Script----------------

02:45:28 INFO  : Context for processor 'ps7_cortexa9_0' is selected.
02:45:28 INFO  : 'con' command is executed.
02:45:28 INFO  : ----------------XSDB Script (After Launch)----------------
targets -set -nocase -filter {name =~ "*A9*#0"}
con
----------------End of Script----------------

02:45:28 INFO  : Launch script is exported to file 'C:\Users\dianhsu\Desktop\Using_IP_with_Zynq\mylab2\vitis\test_relu_system\_ide\scripts\debugger_test_relu-default.tcl'
02:48:44 INFO  : Disconnected from the channel tcfchan#5.
02:48:45 INFO  : Connected to target on host '127.0.0.1' and port '3121'.
02:48:45 INFO  : Jtag cable 'Digilent Zed 210248774077' is selected.
02:48:45 INFO  : 'jtag frequency' command is executed.
02:48:45 INFO  : Context for 'APU' is selected.
02:48:45 INFO  : System reset is completed.
02:48:48 INFO  : 'after 3000' command is executed.
02:48:48 INFO  : 'targets -set -filter {jtag_cable_name =~ "Digilent Zed 210248774077" && level==0 && jtag_device_ctx=="jsn-Zed-210248774077-23727093-0"}' command is executed.
02:48:51 INFO  : Device configured successfully with "C:/Users/dianhsu/Desktop/Using_IP_with_Zynq/mylab2/vitis/test_relu/_ide/bitstream/relu.bit"
02:48:51 INFO  : Context for 'APU' is selected.
02:48:51 INFO  : Hardware design and registers information is loaded from 'C:/Users/dianhsu/Desktop/Using_IP_with_Zynq/mylab2/vitis/zed/export/zed/hw/relu.xsa'.
02:48:51 INFO  : 'configparams force-mem-access 1' command is executed.
02:48:51 INFO  : Context for 'APU' is selected.
02:48:51 INFO  : Sourcing of 'C:/Users/dianhsu/Desktop/Using_IP_with_Zynq/mylab2/vitis/test_relu/_ide/psinit/ps7_init.tcl' is done.
02:48:51 INFO  : 'ps7_init' command is executed.
02:48:51 INFO  : 'ps7_post_config' command is executed.
02:48:51 INFO  : Context for processor 'ps7_cortexa9_0' is selected.
02:48:51 INFO  : The application 'C:/Users/dianhsu/Desktop/Using_IP_with_Zynq/mylab2/vitis/test_relu/Debug/test_relu.elf' is downloaded to processor 'ps7_cortexa9_0'.
02:48:51 INFO  : 'configparams force-mem-access 0' command is executed.
02:48:51 INFO  : ----------------XSDB Script----------------
connect -url tcp:127.0.0.1:3121
targets -set -nocase -filter {name =~"APU*"}
rst -system
after 3000
targets -set -filter {jtag_cable_name =~ "Digilent Zed 210248774077" && level==0 && jtag_device_ctx=="jsn-Zed-210248774077-23727093-0"}
fpga -file C:/Users/dianhsu/Desktop/Using_IP_with_Zynq/mylab2/vitis/test_relu/_ide/bitstream/relu.bit
targets -set -nocase -filter {name =~"APU*"}
loadhw -hw C:/Users/dianhsu/Desktop/Using_IP_with_Zynq/mylab2/vitis/zed/export/zed/hw/relu.xsa -mem-ranges [list {0x40000000 0xbfffffff}] -regs
configparams force-mem-access 1
targets -set -nocase -filter {name =~"APU*"}
source C:/Users/dianhsu/Desktop/Using_IP_with_Zynq/mylab2/vitis/test_relu/_ide/psinit/ps7_init.tcl
ps7_init
ps7_post_config
targets -set -nocase -filter {name =~ "*A9*#0"}
dow C:/Users/dianhsu/Desktop/Using_IP_with_Zynq/mylab2/vitis/test_relu/Debug/test_relu.elf
configparams force-mem-access 0
----------------End of Script----------------

02:48:52 INFO  : Context for processor 'ps7_cortexa9_0' is selected.
02:48:52 INFO  : 'con' command is executed.
02:48:52 INFO  : ----------------XSDB Script (After Launch)----------------
targets -set -nocase -filter {name =~ "*A9*#0"}
con
----------------End of Script----------------

02:48:52 INFO  : Launch script is exported to file 'C:\Users\dianhsu\Desktop\Using_IP_with_Zynq\mylab2\vitis\test_relu_system\_ide\scripts\debugger_test_relu-default.tcl'
02:48:57 INFO  : Checking for BSP changes to sync application flags for project 'test_relu'...
02:49:04 INFO  : Disconnected from the channel tcfchan#6.
02:49:05 INFO  : Connected to target on host '127.0.0.1' and port '3121'.
02:49:06 INFO  : Jtag cable 'Digilent Zed 210248774077' is selected.
02:49:06 INFO  : 'jtag frequency' command is executed.
02:49:06 INFO  : Context for 'APU' is selected.
02:49:06 INFO  : System reset is completed.
02:49:09 INFO  : 'after 3000' command is executed.
02:49:09 INFO  : 'targets -set -filter {jtag_cable_name =~ "Digilent Zed 210248774077" && level==0 && jtag_device_ctx=="jsn-Zed-210248774077-23727093-0"}' command is executed.
02:49:11 INFO  : Device configured successfully with "C:/Users/dianhsu/Desktop/Using_IP_with_Zynq/mylab2/vitis/test_relu/_ide/bitstream/relu.bit"
02:49:11 INFO  : Context for 'APU' is selected.
02:49:11 INFO  : Hardware design and registers information is loaded from 'C:/Users/dianhsu/Desktop/Using_IP_with_Zynq/mylab2/vitis/zed/export/zed/hw/relu.xsa'.
02:49:11 INFO  : 'configparams force-mem-access 1' command is executed.
02:49:11 INFO  : Context for 'APU' is selected.
02:49:11 INFO  : Sourcing of 'C:/Users/dianhsu/Desktop/Using_IP_with_Zynq/mylab2/vitis/test_relu/_ide/psinit/ps7_init.tcl' is done.
02:49:12 INFO  : 'ps7_init' command is executed.
02:49:12 INFO  : 'ps7_post_config' command is executed.
02:49:12 INFO  : Context for processor 'ps7_cortexa9_0' is selected.
02:49:12 INFO  : The application 'C:/Users/dianhsu/Desktop/Using_IP_with_Zynq/mylab2/vitis/test_relu/Debug/test_relu.elf' is downloaded to processor 'ps7_cortexa9_0'.
02:49:12 INFO  : 'configparams force-mem-access 0' command is executed.
02:49:12 INFO  : ----------------XSDB Script----------------
connect -url tcp:127.0.0.1:3121
targets -set -nocase -filter {name =~"APU*"}
rst -system
after 3000
targets -set -filter {jtag_cable_name =~ "Digilent Zed 210248774077" && level==0 && jtag_device_ctx=="jsn-Zed-210248774077-23727093-0"}
fpga -file C:/Users/dianhsu/Desktop/Using_IP_with_Zynq/mylab2/vitis/test_relu/_ide/bitstream/relu.bit
targets -set -nocase -filter {name =~"APU*"}
loadhw -hw C:/Users/dianhsu/Desktop/Using_IP_with_Zynq/mylab2/vitis/zed/export/zed/hw/relu.xsa -mem-ranges [list {0x40000000 0xbfffffff}] -regs
configparams force-mem-access 1
targets -set -nocase -filter {name =~"APU*"}
source C:/Users/dianhsu/Desktop/Using_IP_with_Zynq/mylab2/vitis/test_relu/_ide/psinit/ps7_init.tcl
ps7_init
ps7_post_config
targets -set -nocase -filter {name =~ "*A9*#0"}
dow C:/Users/dianhsu/Desktop/Using_IP_with_Zynq/mylab2/vitis/test_relu/Debug/test_relu.elf
configparams force-mem-access 0
----------------End of Script----------------

02:49:12 INFO  : Context for processor 'ps7_cortexa9_0' is selected.
02:49:12 INFO  : 'con' command is executed.
02:49:12 INFO  : ----------------XSDB Script (After Launch)----------------
targets -set -nocase -filter {name =~ "*A9*#0"}
con
----------------End of Script----------------

02:49:12 INFO  : Launch script is exported to file 'C:\Users\dianhsu\Desktop\Using_IP_with_Zynq\mylab2\vitis\test_relu_system\_ide\scripts\debugger_test_relu-default.tcl'
02:49:56 INFO  : Disconnected from the channel tcfchan#7.
03:13:32 INFO  : Launching XSCT server: xsct.bat -n  -interactive C:\Users\dianhsu\Desktop\Using_IP_with_Zynq\mylab2\vitis\temp_xsdb_launch_script.tcl
03:13:34 INFO  : XSCT server has started successfully.
03:13:34 INFO  : Successfully done setting XSCT server connection channel  
03:13:34 INFO  : plnx-install-location is set to ''
03:13:34 INFO  : Successfully done setting workspace for the tool. 
03:13:35 INFO  : Platform repository initialization has completed.
03:13:36 INFO  : Registering command handlers for Vitis TCF services
03:13:36 INFO  : Successfully done query RDI_DATADIR 
03:14:06 INFO  : Hardware specification for platform project 'zed' is updated.
03:14:21 INFO  : Result from executing command 'getProjects': zed
03:14:21 INFO  : Result from executing command 'getPlatforms': zed|C:/Users/dianhsu/Desktop/Using_IP_with_Zynq/mylab2/vitis/zed/export/zed/zed.xpfm
03:17:52 INFO  : Checking for BSP changes to sync application flags for project 'test_relu'...
03:18:17 INFO  : Checking for BSP changes to sync application flags for project 'test_relu'...
03:18:44 INFO  : Checking for BSP changes to sync application flags for project 'test_relu'...
03:19:09 INFO  : Result from executing command 'getProjects': zed
03:19:10 INFO  : Result from executing command 'getPlatforms': zed|C:/Users/dianhsu/Desktop/Using_IP_with_Zynq/mylab2/vitis/zed/export/zed/zed.xpfm
03:19:10 INFO  : Checking for BSP changes to sync application flags for project 'test_relu'...
03:19:23 INFO  : Checking for BSP changes to sync application flags for project 'test_relu'...
03:21:21 INFO  : Checking for BSP changes to sync application flags for project 'test_relu'...
03:23:23 INFO  : Result from executing command 'getProjects': zed
03:23:23 INFO  : Result from executing command 'getPlatforms': zed|C:/Users/dianhsu/Desktop/Using_IP_with_Zynq/mylab2/vitis/zed/export/zed/zed.xpfm
03:23:23 INFO  : Checking for BSP changes to sync application flags for project 'test_relu'...
03:24:57 INFO  : Checking for BSP changes to sync application flags for project 'test_relu'...
03:26:17 INFO  : Hardware specification for platform project 'zed' is updated.
03:26:43 INFO  : Result from executing command 'getProjects': zed
03:26:43 INFO  : Result from executing command 'getPlatforms': zed|C:/Users/dianhsu/Desktop/Using_IP_with_Zynq/mylab2/vitis/zed/export/zed/zed.xpfm
03:27:41 INFO  : Result from executing command 'getProjects': zed;zed_hw
03:27:41 INFO  : Result from executing command 'getPlatforms': zed|C:/Users/dianhsu/Desktop/Using_IP_with_Zynq/mylab2/vitis/zed/export/zed/zed.xpfm
03:28:40 INFO  : The hardware specfication used by project 'test_relu' is out of sync with the platform. Resource files extracted from the hardware specfiication will be updated.
03:28:42 INFO  : The file 'C:\Users\dianhsu\Desktop\Using_IP_with_Zynq\mylab2\vitis\test_relu\_ide\bitstream\relu.bit' stored in project is removed.
03:28:42 INFO  : The updated bitstream files are copied from platform to folder 'C:\Users\dianhsu\Desktop\Using_IP_with_Zynq\mylab2\vitis\test_relu\_ide\bitstream' in project 'test_relu'.
03:28:42 INFO  : The file 'C:\Users\dianhsu\Desktop\Using_IP_with_Zynq\mylab2\vitis\test_relu\_ide\psinit\ps7_init.tcl' stored in project is removed.
03:28:47 INFO  : The updated ps init files are copied from platform to folder 'C:\Users\dianhsu\Desktop\Using_IP_with_Zynq\mylab2\vitis\test_relu\_ide\psinit' in project 'test_relu'.
03:29:01 INFO  : Result from executing command 'getProjects': zed;zed_hw
03:29:01 INFO  : Result from executing command 'getPlatforms': zed_hw|C:/Users/dianhsu/Desktop/Using_IP_with_Zynq/mylab2/vitis/zed_hw/export/zed_hw/zed_hw.xpfm;zed|C:/Users/dianhsu/Desktop/Using_IP_with_Zynq/mylab2/vitis/zed/export/zed/zed.xpfm
03:29:04 INFO  : Checking for BSP changes to sync application flags for project 'test_relu'...
03:29:23 INFO  : Checking for BSP changes to sync application flags for project 'test_relu'...
03:29:42 INFO  : Checking for BSP changes to sync application flags for project 'test_relu'...
03:29:53 INFO  : Connected to target on host '127.0.0.1' and port '3121'.
03:29:53 INFO  : Jtag cable 'Digilent Zed 210248774077' is selected.
03:29:53 INFO  : 'jtag frequency' command is executed.
03:29:53 INFO  : Context for 'APU' is selected.
03:29:53 INFO  : System reset is completed.
03:29:56 INFO  : 'after 3000' command is executed.
03:29:56 INFO  : 'targets -set -filter {jtag_cable_name =~ "Digilent Zed 210248774077" && level==0 && jtag_device_ctx=="jsn-Zed-210248774077-23727093-0"}' command is executed.
03:29:59 INFO  : Device configured successfully with "C:/Users/dianhsu/Desktop/Using_IP_with_Zynq/mylab2/vitis/test_relu/_ide/bitstream/relu.bit"
03:29:59 INFO  : Context for 'APU' is selected.
03:29:59 INFO  : Hardware design and registers information is loaded from 'C:/Users/dianhsu/Desktop/Using_IP_with_Zynq/mylab2/vitis/zed_hw/export/zed_hw/hw/relu.xsa'.
03:29:59 INFO  : 'configparams force-mem-access 1' command is executed.
03:29:59 INFO  : Context for 'APU' is selected.
03:29:59 INFO  : Sourcing of 'C:/Users/dianhsu/Desktop/Using_IP_with_Zynq/mylab2/vitis/test_relu/_ide/psinit/ps7_init.tcl' is done.
03:29:59 INFO  : 'ps7_init' command is executed.
03:29:59 INFO  : 'ps7_post_config' command is executed.
03:29:59 INFO  : Context for processor 'ps7_cortexa9_0' is selected.
03:29:59 INFO  : The application 'C:/Users/dianhsu/Desktop/Using_IP_with_Zynq/mylab2/vitis/test_relu/Debug/test_relu.elf' is downloaded to processor 'ps7_cortexa9_0'.
03:29:59 INFO  : 'configparams force-mem-access 0' command is executed.
03:29:59 INFO  : ----------------XSDB Script----------------
connect -url tcp:127.0.0.1:3121
targets -set -nocase -filter {name =~"APU*"}
rst -system
after 3000
targets -set -filter {jtag_cable_name =~ "Digilent Zed 210248774077" && level==0 && jtag_device_ctx=="jsn-Zed-210248774077-23727093-0"}
fpga -file C:/Users/dianhsu/Desktop/Using_IP_with_Zynq/mylab2/vitis/test_relu/_ide/bitstream/relu.bit
targets -set -nocase -filter {name =~"APU*"}
loadhw -hw C:/Users/dianhsu/Desktop/Using_IP_with_Zynq/mylab2/vitis/zed_hw/export/zed_hw/hw/relu.xsa -mem-ranges [list {0x40000000 0xbfffffff}] -regs
configparams force-mem-access 1
targets -set -nocase -filter {name =~"APU*"}
source C:/Users/dianhsu/Desktop/Using_IP_with_Zynq/mylab2/vitis/test_relu/_ide/psinit/ps7_init.tcl
ps7_init
ps7_post_config
targets -set -nocase -filter {name =~ "*A9*#0"}
dow C:/Users/dianhsu/Desktop/Using_IP_with_Zynq/mylab2/vitis/test_relu/Debug/test_relu.elf
configparams force-mem-access 0
----------------End of Script----------------

03:30:00 INFO  : Context for processor 'ps7_cortexa9_0' is selected.
03:30:00 INFO  : 'con' command is executed.
03:30:00 INFO  : ----------------XSDB Script (After Launch)----------------
targets -set -nocase -filter {name =~ "*A9*#0"}
con
----------------End of Script----------------

03:30:00 INFO  : Launch script is exported to file 'C:\Users\dianhsu\Desktop\Using_IP_with_Zynq\mylab2\vitis\test_relu_system\_ide\scripts\debugger_test_relu-default.tcl'
03:30:26 INFO  : Checking for BSP changes to sync application flags for project 'test_relu'...
03:30:35 INFO  : Disconnected from the channel tcfchan#10.
03:30:36 INFO  : Connected to target on host '127.0.0.1' and port '3121'.
03:30:36 INFO  : Jtag cable 'Digilent Zed 210248774077' is selected.
03:30:36 INFO  : 'jtag frequency' command is executed.
03:30:36 INFO  : Context for 'APU' is selected.
03:30:36 INFO  : System reset is completed.
03:30:39 INFO  : 'after 3000' command is executed.
03:30:39 INFO  : 'targets -set -filter {jtag_cable_name =~ "Digilent Zed 210248774077" && level==0 && jtag_device_ctx=="jsn-Zed-210248774077-23727093-0"}' command is executed.
03:30:42 INFO  : Device configured successfully with "C:/Users/dianhsu/Desktop/Using_IP_with_Zynq/mylab2/vitis/test_relu/_ide/bitstream/relu.bit"
03:30:42 INFO  : Context for 'APU' is selected.
03:30:42 INFO  : Hardware design and registers information is loaded from 'C:/Users/dianhsu/Desktop/Using_IP_with_Zynq/mylab2/vitis/zed_hw/export/zed_hw/hw/relu.xsa'.
03:30:42 INFO  : 'configparams force-mem-access 1' command is executed.
03:30:42 INFO  : Context for 'APU' is selected.
03:30:42 INFO  : Sourcing of 'C:/Users/dianhsu/Desktop/Using_IP_with_Zynq/mylab2/vitis/test_relu/_ide/psinit/ps7_init.tcl' is done.
03:30:42 INFO  : 'ps7_init' command is executed.
03:30:42 INFO  : 'ps7_post_config' command is executed.
03:30:42 INFO  : Context for processor 'ps7_cortexa9_0' is selected.
03:30:42 INFO  : The application 'C:/Users/dianhsu/Desktop/Using_IP_with_Zynq/mylab2/vitis/test_relu/Debug/test_relu.elf' is downloaded to processor 'ps7_cortexa9_0'.
03:30:42 INFO  : 'configparams force-mem-access 0' command is executed.
03:30:42 INFO  : ----------------XSDB Script----------------
connect -url tcp:127.0.0.1:3121
targets -set -nocase -filter {name =~"APU*"}
rst -system
after 3000
targets -set -filter {jtag_cable_name =~ "Digilent Zed 210248774077" && level==0 && jtag_device_ctx=="jsn-Zed-210248774077-23727093-0"}
fpga -file C:/Users/dianhsu/Desktop/Using_IP_with_Zynq/mylab2/vitis/test_relu/_ide/bitstream/relu.bit
targets -set -nocase -filter {name =~"APU*"}
loadhw -hw C:/Users/dianhsu/Desktop/Using_IP_with_Zynq/mylab2/vitis/zed_hw/export/zed_hw/hw/relu.xsa -mem-ranges [list {0x40000000 0xbfffffff}] -regs
configparams force-mem-access 1
targets -set -nocase -filter {name =~"APU*"}
source C:/Users/dianhsu/Desktop/Using_IP_with_Zynq/mylab2/vitis/test_relu/_ide/psinit/ps7_init.tcl
ps7_init
ps7_post_config
targets -set -nocase -filter {name =~ "*A9*#0"}
dow C:/Users/dianhsu/Desktop/Using_IP_with_Zynq/mylab2/vitis/test_relu/Debug/test_relu.elf
configparams force-mem-access 0
----------------End of Script----------------

03:30:42 INFO  : Context for processor 'ps7_cortexa9_0' is selected.
03:30:42 INFO  : 'con' command is executed.
03:30:42 INFO  : ----------------XSDB Script (After Launch)----------------
targets -set -nocase -filter {name =~ "*A9*#0"}
con
----------------End of Script----------------

03:30:42 INFO  : Launch script is exported to file 'C:\Users\dianhsu\Desktop\Using_IP_with_Zynq\mylab2\vitis\test_relu_system\_ide\scripts\debugger_test_relu-default.tcl'
03:30:54 INFO  : Checking for BSP changes to sync application flags for project 'test_relu'...
03:31:01 INFO  : Disconnected from the channel tcfchan#11.
03:31:02 INFO  : Connected to target on host '127.0.0.1' and port '3121'.
03:31:02 INFO  : Jtag cable 'Digilent Zed 210248774077' is selected.
03:31:02 INFO  : 'jtag frequency' command is executed.
03:31:02 INFO  : Context for 'APU' is selected.
03:31:02 INFO  : System reset is completed.
03:31:05 INFO  : 'after 3000' command is executed.
03:31:05 INFO  : 'targets -set -filter {jtag_cable_name =~ "Digilent Zed 210248774077" && level==0 && jtag_device_ctx=="jsn-Zed-210248774077-23727093-0"}' command is executed.
03:31:08 INFO  : Device configured successfully with "C:/Users/dianhsu/Desktop/Using_IP_with_Zynq/mylab2/vitis/test_relu/_ide/bitstream/relu.bit"
03:31:08 INFO  : Context for 'APU' is selected.
03:31:08 INFO  : Hardware design and registers information is loaded from 'C:/Users/dianhsu/Desktop/Using_IP_with_Zynq/mylab2/vitis/zed_hw/export/zed_hw/hw/relu.xsa'.
03:31:08 INFO  : 'configparams force-mem-access 1' command is executed.
03:31:08 INFO  : Context for 'APU' is selected.
03:31:08 INFO  : Sourcing of 'C:/Users/dianhsu/Desktop/Using_IP_with_Zynq/mylab2/vitis/test_relu/_ide/psinit/ps7_init.tcl' is done.
03:31:08 INFO  : 'ps7_init' command is executed.
03:31:08 INFO  : 'ps7_post_config' command is executed.
03:31:08 INFO  : Context for processor 'ps7_cortexa9_0' is selected.
03:31:08 INFO  : The application 'C:/Users/dianhsu/Desktop/Using_IP_with_Zynq/mylab2/vitis/test_relu/Debug/test_relu.elf' is downloaded to processor 'ps7_cortexa9_0'.
03:31:08 INFO  : 'configparams force-mem-access 0' command is executed.
03:31:08 INFO  : ----------------XSDB Script----------------
connect -url tcp:127.0.0.1:3121
targets -set -nocase -filter {name =~"APU*"}
rst -system
after 3000
targets -set -filter {jtag_cable_name =~ "Digilent Zed 210248774077" && level==0 && jtag_device_ctx=="jsn-Zed-210248774077-23727093-0"}
fpga -file C:/Users/dianhsu/Desktop/Using_IP_with_Zynq/mylab2/vitis/test_relu/_ide/bitstream/relu.bit
targets -set -nocase -filter {name =~"APU*"}
loadhw -hw C:/Users/dianhsu/Desktop/Using_IP_with_Zynq/mylab2/vitis/zed_hw/export/zed_hw/hw/relu.xsa -mem-ranges [list {0x40000000 0xbfffffff}] -regs
configparams force-mem-access 1
targets -set -nocase -filter {name =~"APU*"}
source C:/Users/dianhsu/Desktop/Using_IP_with_Zynq/mylab2/vitis/test_relu/_ide/psinit/ps7_init.tcl
ps7_init
ps7_post_config
targets -set -nocase -filter {name =~ "*A9*#0"}
dow C:/Users/dianhsu/Desktop/Using_IP_with_Zynq/mylab2/vitis/test_relu/Debug/test_relu.elf
configparams force-mem-access 0
----------------End of Script----------------

03:31:09 INFO  : Context for processor 'ps7_cortexa9_0' is selected.
03:31:09 INFO  : 'con' command is executed.
03:31:09 INFO  : ----------------XSDB Script (After Launch)----------------
targets -set -nocase -filter {name =~ "*A9*#0"}
con
----------------End of Script----------------

03:31:09 INFO  : Launch script is exported to file 'C:\Users\dianhsu\Desktop\Using_IP_with_Zynq\mylab2\vitis\test_relu_system\_ide\scripts\debugger_test_relu-default.tcl'
03:32:13 INFO  : Disconnected from the channel tcfchan#12.
