Copyright 1986-2020 Xilinx, Inc. All Rights Reserved.
------------------------------------------------------------------------------------
| Tool Version : Vivado v.2020.2 (win64) Build 3064766 Wed Nov 18 09:12:45 MST 2020
| Date         : Wed Jan 27 03:05:32 2021
| Host         : Windows10-508 running 64-bit major release  (build 9200)
| Command      : report_timing_summary -file ./report/relu_top_timing_synth.rpt
| Design       : bd_0_wrapper
| Device       : 7z020-clg484
| Speed File   : -1  PRODUCTION 1.12 2019-11-22
------------------------------------------------------------------------------------

Timing Summary Report

------------------------------------------------------------------------------------------------
| Timer Settings
| --------------
------------------------------------------------------------------------------------------------

  Enable Multi Corner Analysis               :  Yes
  Enable Pessimism Removal                   :  Yes
  Pessimism Removal Resolution               :  Nearest Common Node
  Enable Input Delay Default Clock           :  No
  Enable Preset / Clear Arcs                 :  No
  Disable Flight Delays                      :  No
  Ignore I/O Paths                           :  No
  Timing Early Launch at Borrowing Latches   :  No
  Borrow Time for Max Delay Exceptions       :  Yes
  Merge Timing Exceptions                    :  Yes

  Corner  Analyze    Analyze    
  Name    Max Paths  Min Paths  
  ------  ---------  ---------  
  Slow    Yes        Yes        
  Fast    Yes        Yes        



check_timing report

Table of Contents
-----------------
1. checking no_clock (0)
2. checking constant_clock (0)
3. checking pulse_width_clock (0)
4. checking unconstrained_internal_endpoints (0)
5. checking no_input_delay (96)
6. checking no_output_delay (212)
7. checking multiple_clock (0)
8. checking generated_clocks (0)
9. checking loops (0)
10. checking partial_input_delay (0)
11. checking partial_output_delay (0)
12. checking latch_loops (0)

1. checking no_clock (0)
------------------------
 There are 0 register/latch pins with no clock.


2. checking constant_clock (0)
------------------------------
 There are 0 register/latch pins with constant_clock.


3. checking pulse_width_clock (0)
---------------------------------
 There are 0 register/latch pins which need pulse_width check


4. checking unconstrained_internal_endpoints (0)
------------------------------------------------
 There are 0 pins that are not constrained for maximum delay.

 There are 0 pins that are not constrained for maximum delay due to constant clock.


5. checking no_input_delay (96)
-------------------------------
 There are 96 input ports with no input delay specified. (HIGH)

 There are 0 input ports with no input delay but user has a false path constraint.


6. checking no_output_delay (212)
---------------------------------
 There are 212 ports with no output delay specified. (HIGH)

 There are 0 ports with no output delay but user has a false path constraint

 There are 0 ports with no output delay but with a timing clock defined on it or propagating through it


7. checking multiple_clock (0)
------------------------------
 There are 0 register/latch pins with multiple clocks.


8. checking generated_clocks (0)
--------------------------------
 There are 0 generated clocks that are not connected to a clock source.


9. checking loops (0)
---------------------
 There are 0 combinational loops in the design.


10. checking partial_input_delay (0)
------------------------------------
 There are 0 input ports with partial input delay specified.


11. checking partial_output_delay (0)
-------------------------------------
 There are 0 ports with partial output delay specified.


12. checking latch_loops (0)
----------------------------
 There are 0 combinational latch loops in the design through latch input



------------------------------------------------------------------------------------------------
| Design Timing Summary
| ---------------------
------------------------------------------------------------------------------------------------

    WNS(ns)      TNS(ns)  TNS Failing Endpoints  TNS Total Endpoints      WHS(ns)      THS(ns)  THS Failing Endpoints  THS Total Endpoints     WPWS(ns)     TPWS(ns)  TPWS Failing Endpoints  TPWS Total Endpoints  
    -------      -------  ---------------------  -------------------      -------      -------  ---------------------  -------------------     --------     --------  ----------------------  --------------------  
      4.901        0.000                      0                 4752        0.219        0.000                      0                 4752        4.020        0.000                       0                  2382  


All user specified timing constraints are met.


------------------------------------------------------------------------------------------------
| Clock Summary
| -------------
------------------------------------------------------------------------------------------------

Clock   Waveform(ns)       Period(ns)      Frequency(MHz)
-----   ------------       ----------      --------------
ap_clk  {0.000 5.000}      10.000          100.000         


------------------------------------------------------------------------------------------------
| Intra Clock Table
| -----------------
------------------------------------------------------------------------------------------------

Clock             WNS(ns)      TNS(ns)  TNS Failing Endpoints  TNS Total Endpoints      WHS(ns)      THS(ns)  THS Failing Endpoints  THS Total Endpoints     WPWS(ns)     TPWS(ns)  TPWS Failing Endpoints  TPWS Total Endpoints  
-----             -------      -------  ---------------------  -------------------      -------      -------  ---------------------  -------------------     --------     --------  ----------------------  --------------------  
ap_clk              4.901        0.000                      0                 4752        0.219        0.000                      0                 4752        4.020        0.000                       0                  2382  


------------------------------------------------------------------------------------------------
| Inter Clock Table
| -----------------
------------------------------------------------------------------------------------------------

From Clock    To Clock          WNS(ns)      TNS(ns)  TNS Failing Endpoints  TNS Total Endpoints      WHS(ns)      THS(ns)  THS Failing Endpoints  THS Total Endpoints  
----------    --------          -------      -------  ---------------------  -------------------      -------      -------  ---------------------  -------------------  


------------------------------------------------------------------------------------------------
| Other Path Groups Table
| -----------------------
------------------------------------------------------------------------------------------------

Path Group    From Clock    To Clock          WNS(ns)      TNS(ns)  TNS Failing Endpoints  TNS Total Endpoints      WHS(ns)      THS(ns)  THS Failing Endpoints  THS Total Endpoints  
----------    ----------    --------          -------      -------  ---------------------  -------------------      -------      -------  ---------------------  -------------------  


------------------------------------------------------------------------------------------------
| Timing Details
| --------------
------------------------------------------------------------------------------------------------


---------------------------------------------------------------------------------------------------
From Clock:  ap_clk
  To Clock:  ap_clk

Setup :            0  Failing Endpoints,  Worst Slack        4.901ns,  Total Violation        0.000ns
Hold  :            0  Failing Endpoints,  Worst Slack        0.219ns,  Total Violation        0.000ns
PW    :            0  Failing Endpoints,  Worst Slack        4.020ns,  Total Violation        0.000ns
---------------------------------------------------------------------------------------------------


Max Delay Paths
--------------------------------------------------------------------------------------
Slack (MET) :             4.901ns  (required time - arrival time)
  Source:                 bd_0_i/hls_inst/inst/gmem_m_axi_U/wreq_throttle/throttl_cnt_reg[7]/C
                            (rising edge-triggered cell FDRE clocked by ap_clk  {rise@0.000ns fall@5.000ns period=10.000ns})
  Destination:            bd_0_i/hls_inst/inst/gmem_m_axi_U/bus_write/buff_wdata/mem_reg/ADDRARDADDR[10]
                            (rising edge-triggered cell RAMB18E1 clocked by ap_clk  {rise@0.000ns fall@5.000ns period=10.000ns})
  Path Group:             ap_clk
  Path Type:              Setup (Max at Slow Process Corner)
  Requirement:            10.000ns  (ap_clk rise@10.000ns - ap_clk rise@0.000ns)
  Data Path Delay:        4.449ns  (logic 1.185ns (26.637%)  route 3.264ns (73.363%))
  Logic Levels:           4  (LUT3=1 LUT4=1 LUT6=2)
  Clock Path Skew:        -0.049ns (DCD - SCD + CPR)
    Destination Clock Delay (DCD):    0.924ns = ( 10.924 - 10.000 ) 
    Source Clock Delay      (SCD):    0.973ns
    Clock Pessimism Removal (CPR):    0.000ns
  Clock Uncertainty:      0.035ns  ((TSJ^2 + TIJ^2)^1/2 + DJ) / 2 + PE
    Total System Jitter     (TSJ):    0.071ns
    Total Input Jitter      (TIJ):    0.000ns
    Discrete Jitter          (DJ):    0.000ns
    Phase Error              (PE):    0.000ns

    Location             Delay type                Incr(ns)  Path(ns)    Netlist Resource(s)
  -------------------------------------------------------------------    -------------------
                         (clock ap_clk rise edge)     0.000     0.000 r  
                                                      0.000     0.000 r  ap_clk (IN)
                         net (fo=2381, unset)         0.973     0.973    bd_0_i/hls_inst/inst/gmem_m_axi_U/wreq_throttle/ap_clk
                         FDRE                                         r  bd_0_i/hls_inst/inst/gmem_m_axi_U/wreq_throttle/throttl_cnt_reg[7]/C
  -------------------------------------------------------------------    -------------------
                         FDRE (Prop_fdre_C_Q)         0.518     1.491 r  bd_0_i/hls_inst/inst/gmem_m_axi_U/wreq_throttle/throttl_cnt_reg[7]/Q
                         net (fo=3, unplaced)         0.983     2.474    bd_0_i/hls_inst/inst/gmem_m_axi_U/wreq_throttle/throttl_cnt_reg[7]
                         LUT6 (Prop_lut6_I0_O)        0.295     2.769 r  bd_0_i/hls_inst/inst/gmem_m_axi_U/wreq_throttle/m_axi_gmem_WVALID_INST_0_i_1/O
                         net (fo=5, unplaced)         0.477     3.246    bd_0_i/hls_inst/inst/gmem_m_axi_U/wreq_throttle/m_axi_gmem_WVALID_INST_0_i_1_n_0
                         LUT6 (Prop_lut6_I5_O)        0.124     3.370 f  bd_0_i/hls_inst/inst/gmem_m_axi_U/wreq_throttle/bus_equal_gen.data_buf[31]_i_2/O
                         net (fo=4, unplaced)         0.473     3.843    bd_0_i/hls_inst/inst/gmem_m_axi_U/bus_write/buff_wdata/bus_equal_gen.WLAST_Dummy_reg
                         LUT4 (Prop_lut4_I1_O)        0.124     3.967 r  bd_0_i/hls_inst/inst/gmem_m_axi_U/bus_write/buff_wdata/dout_buf[35]_i_1/O
                         net (fo=50, unplaced)        0.531     4.498    bd_0_i/hls_inst/inst/gmem_m_axi_U/bus_write/buff_wdata/pop
                         LUT3 (Prop_lut3_I2_O)        0.124     4.622 r  bd_0_i/hls_inst/inst/gmem_m_axi_U/bus_write/buff_wdata/mem_reg_i_3/O
                         net (fo=2, unplaced)         0.800     5.422    bd_0_i/hls_inst/inst/gmem_m_axi_U/bus_write/buff_wdata/rnext[5]
                         RAMB18E1                                     r  bd_0_i/hls_inst/inst/gmem_m_axi_U/bus_write/buff_wdata/mem_reg/ADDRARDADDR[10]
  -------------------------------------------------------------------    -------------------

                         (clock ap_clk rise edge)    10.000    10.000 r  
                                                      0.000    10.000 r  ap_clk (IN)
                         net (fo=2381, unset)         0.924    10.924    bd_0_i/hls_inst/inst/gmem_m_axi_U/bus_write/buff_wdata/ap_clk
                         RAMB18E1                                     r  bd_0_i/hls_inst/inst/gmem_m_axi_U/bus_write/buff_wdata/mem_reg/CLKARDCLK
                         clock pessimism              0.000    10.924    
                         clock uncertainty           -0.035    10.889    
                         RAMB18E1 (Setup_ramb18e1_CLKARDCLK_ADDRARDADDR[10])
                                                     -0.566    10.323    bd_0_i/hls_inst/inst/gmem_m_axi_U/bus_write/buff_wdata/mem_reg
  -------------------------------------------------------------------
                         required time                         10.323    
                         arrival time                          -5.422    
  -------------------------------------------------------------------
                         slack                                  4.901    





Min Delay Paths
--------------------------------------------------------------------------------------
Slack (MET) :             0.219ns  (arrival time - required time)
  Source:                 bd_0_i/hls_inst/inst/gmem_m_axi_U/bus_read/rs_rreq/data_p1_reg[0]/C
                            (rising edge-triggered cell FDRE clocked by ap_clk  {rise@0.000ns fall@5.000ns period=10.000ns})
  Destination:            bd_0_i/hls_inst/inst/gmem_m_axi_U/bus_read/fifo_rreq/mem_reg[4][0]_srl5/D
                            (rising edge-triggered cell SRL16E clocked by ap_clk  {rise@0.000ns fall@5.000ns period=10.000ns})
  Path Group:             ap_clk
  Path Type:              Hold (Min at Fast Process Corner)
  Requirement:            0.000ns  (ap_clk rise@0.000ns - ap_clk rise@0.000ns)
  Data Path Delay:        0.305ns  (logic 0.164ns (53.808%)  route 0.141ns (46.192%))
  Logic Levels:           0  
  Clock Path Skew:        0.022ns (DCD - SCD - CPR)
    Destination Clock Delay (DCD):    0.432ns
    Source Clock Delay      (SCD):    0.410ns
    Clock Pessimism Removal (CPR):    -0.000ns

    Location             Delay type                Incr(ns)  Path(ns)    Netlist Resource(s)
  -------------------------------------------------------------------    -------------------
                         (clock ap_clk rise edge)     0.000     0.000 r  
                                                      0.000     0.000 r  ap_clk (IN)
                         net (fo=2381, unset)         0.410     0.410    bd_0_i/hls_inst/inst/gmem_m_axi_U/bus_read/rs_rreq/ap_clk
                         FDRE                                         r  bd_0_i/hls_inst/inst/gmem_m_axi_U/bus_read/rs_rreq/data_p1_reg[0]/C
  -------------------------------------------------------------------    -------------------
                         FDRE (Prop_fdre_C_Q)         0.164     0.574 r  bd_0_i/hls_inst/inst/gmem_m_axi_U/bus_read/rs_rreq/data_p1_reg[0]/Q
                         net (fo=1, unplaced)         0.141     0.715    bd_0_i/hls_inst/inst/gmem_m_axi_U/bus_read/fifo_rreq/q_reg[61]_0[0]
                         SRL16E                                       r  bd_0_i/hls_inst/inst/gmem_m_axi_U/bus_read/fifo_rreq/mem_reg[4][0]_srl5/D
  -------------------------------------------------------------------    -------------------

                         (clock ap_clk rise edge)     0.000     0.000 r  
                                                      0.000     0.000 r  ap_clk (IN)
                         net (fo=2381, unset)         0.432     0.432    bd_0_i/hls_inst/inst/gmem_m_axi_U/bus_read/fifo_rreq/ap_clk
                         SRL16E                                       r  bd_0_i/hls_inst/inst/gmem_m_axi_U/bus_read/fifo_rreq/mem_reg[4][0]_srl5/CLK
                         clock pessimism              0.000     0.432    
                         SRL16E (Hold_srl16e_CLK_D)
                                                      0.064     0.496    bd_0_i/hls_inst/inst/gmem_m_axi_U/bus_read/fifo_rreq/mem_reg[4][0]_srl5
  -------------------------------------------------------------------
                         required time                         -0.496    
                         arrival time                           0.715    
  -------------------------------------------------------------------
                         slack                                  0.219    





Pulse Width Checks
--------------------------------------------------------------------------------------
Clock Name:         ap_clk
Waveform(ns):       { 0.000 5.000 }
Period(ns):         10.000
Sources:            { ap_clk }

Check Type        Corner  Lib Pin             Reference Pin  Required(ns)  Actual(ns)  Slack(ns)  Location  Pin
Min Period        n/a     RAMB18E1/CLKARDCLK  n/a            2.944         10.000      7.056                bd_0_i/hls_inst/inst/gmem_m_axi_U/bus_write/buff_wdata/mem_reg/CLKARDCLK
Low Pulse Width   Fast    SRL16E/CLK          n/a            0.980         5.000       4.020                bd_0_i/hls_inst/inst/gmem_m_axi_U/bus_read/fifo_rreq/mem_reg[4][59]_srl5/CLK
High Pulse Width  Slow    SRL16E/CLK          n/a            0.980         5.000       4.020                bd_0_i/hls_inst/inst/gmem_m_axi_U/bus_read/fifo_rreq/mem_reg[4][59]_srl5/CLK



