INFO: [SIM 2] *************** CSIM start ***************
INFO: [SIM 4] CSIM will launch GCC as the compiler.
   Compiling ../../../../test_relu.cpp in debug mode
   Compiling ../../../../relu.cpp in debug mode
   Generating csim.exe
|  -8.90 |  17.10 | -15.90 | -49.90 |  19.10 | -25.90 |  28.10 |   8.10 | 
|  12.10 |  14.10 | -44.90 |  -4.90 |  31.10 | -22.90 |  11.10 |  41.10 | 
|  45.10 |  -7.90 | -22.90 | -13.90 |  41.10 | -45.90 | -47.90 |   3.10 | 
|  42.10 |  32.10 | -28.90 | -33.90 | -31.90 |  45.10 |  -2.90 | -23.90 | 
|  21.10 | -11.90 |  19.10 | -37.90 |  17.10 |  49.10 | -14.90 |  44.10 | 
| -46.90 | -38.90 | -27.90 | -16.90 |  23.10 |  14.10 |  -8.90 | -38.90 | 
|   3.10 |  18.10 |  -2.90 |  -5.90 |  12.10 |   7.10 | -12.90 |   9.10 | 
| -26.90 |  -8.90 | -20.90 |  28.10 | -33.90 | -14.90 |  40.10 |  -7.90 | 
positive = 29, negative = 35
|   0.00 |  17.10 |   0.00 |   0.00 |  19.10 |   0.00 |  28.10 |   8.10 | 
|  12.10 |  14.10 |   0.00 |   0.00 |  31.10 |   0.00 |  11.10 |  41.10 | 
|  45.10 |   0.00 |   0.00 |   0.00 |  41.10 |   0.00 |   0.00 |   3.10 | 
|  42.10 |  32.10 |   0.00 |   0.00 |   0.00 |  45.10 |   0.00 |   0.00 | 
|  21.10 |   0.00 |  19.10 |   0.00 |  17.10 |  49.10 |   0.00 |  44.10 | 
|   0.00 |   0.00 |   0.00 |   0.00 |  23.10 |  14.10 |   0.00 |   0.00 | 
|   3.10 |  18.10 |   0.00 |   0.00 |  12.10 |   7.10 |   0.00 |   9.10 | 
|   0.00 |   0.00 |   0.00 |  28.10 |   0.00 |   0.00 |  40.10 |   0.00 | 
positive = 29, negative = 35
INFO: [SIM 1] CSim done with 0 errors.
INFO: [SIM 3] *************** CSIM finish ***************
