Vivado Simulator 2020.2
Copyright 1986-1999, 2001-2020 Xilinx, Inc. All Rights Reserved.
Running: C:/Xilinx/Vivado/2020.2/bin/unwrapped/win64.o/xelab.exe xil_defaultlib.apatb_relu_top_top glbl -prj relu_top.prj -L smartconnect_v1_0 -L axi_protocol_checker_v1_1_12 -L axi_protocol_checker_v1_1_13 -L axis_protocol_checker_v1_1_11 -L axis_protocol_checker_v1_1_12 -L xil_defaultlib -L unisims_ver -L xpm -L floating_point_v7_0_18 -L floating_point_v7_1_11 --lib ieee_proposed=./ieee_proposed -s relu_top 
Multi-threading is on. Using 14 slave threads.
INFO: [VRFC 10-2263] Analyzing SystemVerilog file "C:/Users/dianhsu/Desktop/Using_IP_with_Zynq/mylab/relu_hls/relu/solution1/sim/verilog/ip/xil_defaultlib/relu_top_ap_fcmp_0_no_dsp_32.v" into library xil_defaultlib
INFO: [VRFC 10-311] analyzing module relu_top_ap_fcmp_0_no_dsp_32
INFO: [VRFC 10-2263] Analyzing SystemVerilog file "C:/Users/dianhsu/Desktop/Using_IP_with_Zynq/mylab/relu_hls/relu/solution1/sim/verilog/glbl.v" into library work
INFO: [VRFC 10-311] analyzing module glbl
INFO: [VRFC 10-2263] Analyzing SystemVerilog file "C:/Users/dianhsu/Desktop/Using_IP_with_Zynq/mylab/relu_hls/relu/solution1/sim/verilog/AESL_axi_master_gmem.v" into library xil_defaultlib
INFO: [VRFC 10-311] analyzing module AESL_axi_master_gmem
INFO: [VRFC 10-2263] Analyzing SystemVerilog file "C:/Users/dianhsu/Desktop/Using_IP_with_Zynq/mylab/relu_hls/relu/solution1/sim/verilog/AESL_axi_slave_control.v" into library xil_defaultlib
INFO: [VRFC 10-311] analyzing module AESL_axi_slave_control
INFO: [VRFC 10-2263] Analyzing SystemVerilog file "C:/Users/dianhsu/Desktop/Using_IP_with_Zynq/mylab/relu_hls/relu/solution1/sim/verilog/relu_top.autotb.v" into library xil_defaultlib
INFO: [VRFC 10-311] analyzing module apatb_relu_top_top
INFO: [VRFC 10-2263] Analyzing SystemVerilog file "C:/Users/dianhsu/Desktop/Using_IP_with_Zynq/mylab/relu_hls/relu/solution1/sim/verilog/relu_top.v" into library xil_defaultlib
INFO: [VRFC 10-311] analyzing module relu_top
INFO: [VRFC 10-2263] Analyzing SystemVerilog file "C:/Users/dianhsu/Desktop/Using_IP_with_Zynq/mylab/relu_hls/relu/solution1/sim/verilog/relu_top_control_s_axi.v" into library xil_defaultlib
INFO: [VRFC 10-311] analyzing module relu_top_control_s_axi
INFO: [VRFC 10-2263] Analyzing SystemVerilog file "C:/Users/dianhsu/Desktop/Using_IP_with_Zynq/mylab/relu_hls/relu/solution1/sim/verilog/relu_top_fcmp_32ns_32ns_1_2_no_dsp_1.v" into library xil_defaultlib
INFO: [VRFC 10-311] analyzing module relu_top_fcmp_32ns_32ns_1_2_no_dsp_1
INFO: [VRFC 10-2263] Analyzing SystemVerilog file "C:/Users/dianhsu/Desktop/Using_IP_with_Zynq/mylab/relu_hls/relu/solution1/sim/verilog/relu_top_gmem_m_axi.v" into library xil_defaultlib
INFO: [VRFC 10-311] analyzing module relu_top_gmem_m_axi
INFO: [VRFC 10-311] analyzing module relu_top_gmem_m_axi_reg_slice
INFO: [VRFC 10-311] analyzing module relu_top_gmem_m_axi_fifo
INFO: [VRFC 10-311] analyzing module relu_top_gmem_m_axi_buffer
INFO: [VRFC 10-311] analyzing module relu_top_gmem_m_axi_decoder
INFO: [VRFC 10-311] analyzing module relu_top_gmem_m_axi_throttle
INFO: [VRFC 10-311] analyzing module relu_top_gmem_m_axi_read
INFO: [VRFC 10-311] analyzing module relu_top_gmem_m_axi_write
INFO: [VRFC 10-2263] Analyzing SystemVerilog file "C:/Users/dianhsu/Desktop/Using_IP_with_Zynq/mylab/relu_hls/relu/solution1/sim/verilog/csv_file_dump.sv" into library xil_defaultlib
INFO: [VRFC 10-2263] Analyzing SystemVerilog file "C:/Users/dianhsu/Desktop/Using_IP_with_Zynq/mylab/relu_hls/relu/solution1/sim/verilog/dataflow_monitor.sv" into library xil_defaultlib
INFO: [VRFC 10-311] analyzing module dataflow_monitor
INFO: [VRFC 10-2263] Analyzing SystemVerilog file "C:/Users/dianhsu/Desktop/Using_IP_with_Zynq/mylab/relu_hls/relu/solution1/sim/verilog/df_fifo_interface.sv" into library xil_defaultlib
WARNING: [VRFC 10-3609] overwriting previous definition of interface 'df_fifo_intf' [C:/Users/dianhsu/Desktop/Using_IP_with_Zynq/mylab/relu_hls/relu/solution1/sim/verilog/df_fifo_interface.sv:4]
INFO: [VRFC 10-2263] Analyzing SystemVerilog file "C:/Users/dianhsu/Desktop/Using_IP_with_Zynq/mylab/relu_hls/relu/solution1/sim/verilog/df_fifo_monitor.sv" into library xil_defaultlib
WARNING: [VRFC 10-3609] overwriting previous definition of interface 'df_fifo_intf' [C:/Users/dianhsu/Desktop/Using_IP_with_Zynq/mylab/relu_hls/relu/solution1/sim/verilog/df_fifo_interface.sv:4]
INFO: [VRFC 10-2263] Analyzing SystemVerilog file "C:/Users/dianhsu/Desktop/Using_IP_with_Zynq/mylab/relu_hls/relu/solution1/sim/verilog/df_process_interface.sv" into library xil_defaultlib
WARNING: [VRFC 10-3609] overwriting previous definition of interface 'df_process_intf' [C:/Users/dianhsu/Desktop/Using_IP_with_Zynq/mylab/relu_hls/relu/solution1/sim/verilog/df_process_interface.sv:4]
INFO: [VRFC 10-2263] Analyzing SystemVerilog file "C:/Users/dianhsu/Desktop/Using_IP_with_Zynq/mylab/relu_hls/relu/solution1/sim/verilog/df_process_monitor.sv" into library xil_defaultlib
WARNING: [VRFC 10-3609] overwriting previous definition of interface 'df_process_intf' [C:/Users/dianhsu/Desktop/Using_IP_with_Zynq/mylab/relu_hls/relu/solution1/sim/verilog/df_process_interface.sv:4]
INFO: [VRFC 10-2263] Analyzing SystemVerilog file "C:/Users/dianhsu/Desktop/Using_IP_with_Zynq/mylab/relu_hls/relu/solution1/sim/verilog/dump_file_agent.sv" into library xil_defaultlib
INFO: [VRFC 10-2263] Analyzing SystemVerilog file "C:/Users/dianhsu/Desktop/Using_IP_with_Zynq/mylab/relu_hls/relu/solution1/sim/verilog/nodf_module_interface.sv" into library xil_defaultlib
WARNING: [VRFC 10-3609] overwriting previous definition of interface 'nodf_module_intf' [C:/Users/dianhsu/Desktop/Using_IP_with_Zynq/mylab/relu_hls/relu/solution1/sim/verilog/nodf_module_interface.sv:4]
INFO: [VRFC 10-2263] Analyzing SystemVerilog file "C:/Users/dianhsu/Desktop/Using_IP_with_Zynq/mylab/relu_hls/relu/solution1/sim/verilog/nodf_module_monitor.sv" into library xil_defaultlib
WARNING: [VRFC 10-3609] overwriting previous definition of interface 'nodf_module_intf' [C:/Users/dianhsu/Desktop/Using_IP_with_Zynq/mylab/relu_hls/relu/solution1/sim/verilog/nodf_module_interface.sv:4]
INFO: [VRFC 10-2263] Analyzing SystemVerilog file "C:/Users/dianhsu/Desktop/Using_IP_with_Zynq/mylab/relu_hls/relu/solution1/sim/verilog/sample_agent.sv" into library xil_defaultlib
INFO: [VRFC 10-2263] Analyzing SystemVerilog file "C:/Users/dianhsu/Desktop/Using_IP_with_Zynq/mylab/relu_hls/relu/solution1/sim/verilog/sample_manager.sv" into library xil_defaultlib
Starting static elaboration
Pass Through NonSizing Optimizer
Completed static elaboration
Starting simulation data flow analysis
Completed simulation data flow analysis
Time Resolution for simulation is 1ps
Compiling package std.standard
Compiling package std.textio
Compiling package ieee.std_logic_1164
Compiling package floating_point_v7_1_11.floating_point_v7_1_11_viv_comp
Compiling package ieee.numeric_std
Compiling package xbip_utils_v3_0_10.xbip_utils_v3_0_10_pkg
Compiling package axi_utils_v2_0_6.axi_utils_v2_0_6_pkg
Compiling package floating_point_v7_1_11.floating_point_v7_1_11_consts
Compiling package ieee.math_real
Compiling package floating_point_v7_1_11.floating_point_v7_1_11_exp_table...
Compiling package mult_gen_v12_0_16.mult_gen_v12_0_16_pkg
Compiling package ieee.std_logic_arith
Compiling package ieee.std_logic_signed
Compiling package floating_point_v7_1_11.floating_point_v7_1_11_pkg
Compiling package floating_point_v7_1_11.flt_utils
Compiling package unisim.vcomponents
Compiling package xbip_pipe_v3_0_6.xbip_pipe_v3_0_6_viv_comp
Compiling package xil_defaultlib.$unit_dataflow_monitor_sv
Compiling module xil_defaultlib.relu_top_control_s_axi
Compiling module xil_defaultlib.relu_top_gmem_m_axi_reg_slice(N=...
Compiling module xil_defaultlib.relu_top_gmem_m_axi_fifo(DATA_BI...
Compiling module xil_defaultlib.relu_top_gmem_m_axi_buffer(DATA_...
Compiling module xil_defaultlib.relu_top_gmem_m_axi_fifo(DEPTH=5...
Compiling module xil_defaultlib.relu_top_gmem_m_axi_fifo(DATA_BI...
Compiling module xil_defaultlib.relu_top_gmem_m_axi_fifo(DATA_BI...
Compiling module xil_defaultlib.relu_top_gmem_m_axi_write(NUM_WR...
Compiling module xil_defaultlib.relu_top_gmem_m_axi_buffer(DATA_...
Compiling module xil_defaultlib.relu_top_gmem_m_axi_reg_slice(N=...
Compiling module xil_defaultlib.relu_top_gmem_m_axi_read(NUM_REA...
Compiling module xil_defaultlib.relu_top_gmem_m_axi_throttle(ADD...
Compiling module xil_defaultlib.relu_top_gmem_m_axi(NUM_READ_OUT...
Compiling architecture muxcy_v of entity unisim.MUXCY [muxcy_default]
Compiling architecture synth of entity xbip_pipe_v3_0_6.xbip_pipe_v3_0_6_viv [\xbip_pipe_v3_0_6_viv(c_has_ce=1...]
Compiling architecture rtl of entity floating_point_v7_1_11.delay [\delay(width=3,length=0)\]
Compiling architecture struct of entity floating_point_v7_1_11.carry_chain [\carry_chain(c_xdevicefamily="zy...]
Compiling architecture synth of entity floating_point_v7_1_11.compare_eq_im [\compare_eq_im(c_xdevicefamily="...]
Compiling architecture synth of entity xbip_pipe_v3_0_6.xbip_pipe_v3_0_6_viv [\xbip_pipe_v3_0_6_viv(c_has_ce=1...]
Compiling architecture rtl of entity floating_point_v7_1_11.delay [\delay(width=4,length=0)\]
Compiling architecture struct of entity floating_point_v7_1_11.carry_chain [\carry_chain(c_xdevicefamily="zy...]
Compiling architecture synth of entity floating_point_v7_1_11.compare_ne_im [\compare_ne_im(c_xdevicefamily="...]
Compiling architecture synth of entity xbip_pipe_v3_0_6.xbip_pipe_v3_0_6_viv [\xbip_pipe_v3_0_6_viv(c_has_ce=1...]
Compiling architecture rtl of entity floating_point_v7_1_11.delay [\delay(width=2,length=0)\]
Compiling architecture struct of entity floating_point_v7_1_11.carry_chain [\carry_chain(c_xdevicefamily="zy...]
Compiling architecture synth of entity floating_point_v7_1_11.compare_eq_im [\compare_eq_im(c_xdevicefamily="...]
Compiling architecture synth of entity xbip_pipe_v3_0_6.xbip_pipe_v3_0_6_viv [\xbip_pipe_v3_0_6_viv(c_has_ce=1...]
Compiling architecture rtl of entity floating_point_v7_1_11.delay [\delay(width=11,length=0)\]
Compiling architecture struct of entity floating_point_v7_1_11.carry_chain [\carry_chain(c_xdevicefamily="zy...]
Compiling architecture synth of entity floating_point_v7_1_11.compare_eq [\compare_eq(c_xdevicefamily="zyn...]
Compiling architecture synth of entity xbip_pipe_v3_0_6.xbip_pipe_v3_0_6_viv [\xbip_pipe_v3_0_6_viv(c_has_ce=1...]
Compiling architecture rtl of entity floating_point_v7_1_11.delay [\delay(width=16,length=0)\]
Compiling architecture struct of entity floating_point_v7_1_11.carry_chain [\carry_chain(c_xdevicefamily="zy...]
Compiling architecture synth of entity floating_point_v7_1_11.compare_gt [\compare_gt(c_xdevicefamily="zyn...]
Compiling architecture synth of entity xbip_pipe_v3_0_6.xbip_pipe_v3_0_6_viv [\xbip_pipe_v3_0_6_viv(c_has_ce=1...]
Compiling architecture rtl of entity floating_point_v7_1_11.delay [\delay(length=0)\]
Compiling architecture rtl of entity floating_point_v7_1_11.fp_cmp [\fp_cmp(c_xdevicefamily="zynq",c...]
Compiling module unisims_ver.x_lut1_mux2
Compiling module unisims_ver.LUT1
Compiling architecture synth of entity xbip_pipe_v3_0_6.xbip_pipe_v3_0_6_viv [\xbip_pipe_v3_0_6_viv(c_has_ce=1...]
Compiling architecture xilinx of entity floating_point_v7_1_11.floating_point_v7_1_11_viv [\floating_point_v7_1_11_viv(c_xd...]
Compiling architecture xilinx of entity floating_point_v7_1_11.floating_point_v7_1_11 [\floating_point_v7_1_11(c_xdevic...]
Compiling module xil_defaultlib.relu_top_ap_fcmp_0_no_dsp_32
Compiling module xil_defaultlib.relu_top_fcmp_32ns_32ns_1_2_no_d...
Compiling module xil_defaultlib.relu_top
Compiling module xil_defaultlib.AESL_axi_master_gmem
Compiling module xil_defaultlib.AESL_axi_slave_control
Compiling module xil_defaultlib.nodf_module_intf
Compiling module xil_defaultlib.dataflow_monitor_1
Compiling module xil_defaultlib.apatb_relu_top_top
Compiling module work.glbl
Built simulation snapshot relu_top
